{"C:\\Users\\sombr\\Documents\\GitHub\\Impresioname\\Impresioname\\backend\\app.js": {"path":"C:\\Users\\sombr\\Documents\\GitHub\\Impresioname\\Impresioname\\backend\\app.js","statementMap":{"0":{"start":{"line":1,"column":16},"end":{"line":1,"column":34}},"1":{"start":{"line":2,"column":12},"end":{"line":2,"column":21}},"2":{"start":{"line":3,"column":13},"end":{"line":3,"column":28}},"3":{"start":{"line":4,"column":13},"end":{"line":4,"column":28}},"4":{"start":{"line":5,"column":17},"end":{"line":5,"column":37}},"5":{"start":{"line":6,"column":14},"end":{"line":6,"column":30}},"6":{"start":{"line":7,"column":11},"end":{"line":7,"column":24}},"7":{"start":{"line":9,"column":0},"end":{"line":9,"column":27}},"8":{"start":{"line":10,"column":12},"end":{"line":10,"column":35}},"9":{"start":{"line":12,"column":0},"end":{"line":12,"column":87}},"10":{"start":{"line":13,"column":0},"end":{"line":13,"column":87}},"11":{"start":{"line":15,"column":18},"end":{"line":17,"column":1}},"12":{"start":{"line":19,"column":0},"end":{"line":19,"column":27}},"13":{"start":{"line":21,"column":0},"end":{"line":21,"column":24}},"14":{"start":{"line":22,"column":0},"end":{"line":22,"column":48}},"15":{"start":{"line":24,"column":11},"end":{"line":24,"column":37}},"16":{"start":{"line":26,"column":0},"end":{"line":28,"column":3}},"17":{"start":{"line":27,"column":2},"end":{"line":27,"column":63}},"18":{"start":{"line":30,"column":0},"end":{"line":32,"column":3}},"19":{"start":{"line":31,"column":2},"end":{"line":31,"column":39}},"20":{"start":{"line":34,"column":0},"end":{"line":62,"column":3}},"21":{"start":{"line":35,"column":14},"end":{"line":35,"column":42}},"22":{"start":{"line":36,"column":2},"end":{"line":36,"column":28}},"23":{"start":{"line":36,"column":14},"end":{"line":36,"column":28}},"24":{"start":{"line":38,"column":2},"end":{"line":47,"column":3}},"25":{"start":{"line":39,"column":30},"end":{"line":39,"column":69}},"26":{"start":{"line":40,"column":24},"end":{"line":40,"column":82}},"27":{"start":{"line":41,"column":33},"end":{"line":41,"column":55}},"28":{"start":{"line":43,"column":4},"end":{"line":43,"column":33}},"29":{"start":{"line":44,"column":4},"end":{"line":44,"column":33}},"30":{"start":{"line":46,"column":4},"end":{"line":46,"column":18}},"31":{"start":{"line":49,"column":2},"end":{"line":49,"column":39}},"32":{"start":{"line":50,"column":2},"end":{"line":61,"column":5}},"33":{"start":{"line":51,"column":4},"end":{"line":60,"column":5}},"34":{"start":{"line":52,"column":6},"end":{"line":55,"column":9}},"35":{"start":{"line":57,"column":6},"end":{"line":57,"column":22}},"36":{"start":{"line":58,"column":6},"end":{"line":58,"column":24}},"37":{"start":{"line":59,"column":6},"end":{"line":59,"column":13}},"38":{"start":{"line":64,"column":0},"end":{"line":64,"column":43}},"39":{"start":{"line":65,"column":0},"end":{"line":65,"column":47}},"40":{"start":{"line":66,"column":0},"end":{"line":66,"column":44}},"41":{"start":{"line":68,"column":20},"end":{"line":68,"column":24}},"42":{"start":{"line":69,"column":13},"end":{"line":69,"column":36}},"43":{"start":{"line":71,"column":0},"end":{"line":102,"column":1}},"44":{"start":{"line":72,"column":16},"end":{"line":82,"column":3}},"45":{"start":{"line":73,"column":4},"end":{"line":81,"column":5}},"46":{"start":{"line":74,"column":6},"end":{"line":77,"column":8}},"47":{"start":{"line":79,"column":6},"end":{"line":79,"column":51}},"48":{"start":{"line":80,"column":6},"end":{"line":80,"column":18}},"49":{"start":{"line":84,"column":16},"end":{"line":84,"column":23}},"50":{"start":{"line":86,"column":2},"end":{"line":101,"column":3}},"51":{"start":{"line":87,"column":19},"end":{"line":87,"column":49}},"52":{"start":{"line":88,"column":15},"end":{"line":88,"column":31}},"53":{"start":{"line":90,"column":4},"end":{"line":94,"column":7}},"54":{"start":{"line":91,"column":6},"end":{"line":93,"column":9}},"55":{"start":{"line":92,"column":8},"end":{"line":92,"column":58}},"56":{"start":{"line":96,"column":4},"end":{"line":98,"column":7}},"57":{"start":{"line":97,"column":6},"end":{"line":97,"column":56}},"58":{"start":{"line":100,"column":4},"end":{"line":100,"column":87}},"59":{"start":{"line":104,"column":0},"end":{"line":104,"column":21}}},"fnMap":{"0":{"name":"(anonymous_0)","decl":{"start":{"line":26,"column":41},"end":{"line":26,"column":42}},"loc":{"start":{"line":26,"column":47},"end":{"line":28,"column":1}},"line":26},"1":{"name":"(anonymous_1)","decl":{"start":{"line":30,"column":13},"end":{"line":30,"column":14}},"loc":{"start":{"line":30,"column":27},"end":{"line":32,"column":1}},"line":30},"2":{"name":"(anonymous_2)","decl":{"start":{"line":34,"column":8},"end":{"line":34,"column":9}},"loc":{"start":{"line":34,"column":34},"end":{"line":62,"column":1}},"line":34},"3":{"name":"(anonymous_3)","decl":{"start":{"line":50,"column":45},"end":{"line":50,"column":46}},"loc":{"start":{"line":50,"column":66},"end":{"line":61,"column":3}},"line":50},"4":{"name":"(anonymous_4)","decl":{"start":{"line":72,"column":16},"end":{"line":72,"column":17}},"loc":{"start":{"line":72,"column":22},"end":{"line":82,"column":3}},"line":72},"5":{"name":"(anonymous_5)","decl":{"start":{"line":90,"column":24},"end":{"line":90,"column":25}},"loc":{"start":{"line":90,"column":36},"end":{"line":94,"column":5}},"line":90},"6":{"name":"(anonymous_6)","decl":{"start":{"line":91,"column":31},"end":{"line":91,"column":32}},"loc":{"start":{"line":91,"column":41},"end":{"line":93,"column":7}},"line":91},"7":{"name":"(anonymous_7)","decl":{"start":{"line":96,"column":24},"end":{"line":96,"column":25}},"loc":{"start":{"line":96,"column":30},"end":{"line":98,"column":5}},"line":96}},"branchMap":{"0":{"loc":{"start":{"line":36,"column":2},"end":{"line":36,"column":28}},"type":"if","locations":[{"start":{"line":36,"column":2},"end":{"line":36,"column":28}},{"start":{},"end":{}}],"line":36},"1":{"loc":{"start":{"line":38,"column":2},"end":{"line":47,"column":3}},"type":"if","locations":[{"start":{"line":38,"column":2},"end":{"line":47,"column":3}},{"start":{},"end":{}}],"line":38},"2":{"loc":{"start":{"line":51,"column":4},"end":{"line":60,"column":5}},"type":"if","locations":[{"start":{"line":51,"column":4},"end":{"line":60,"column":5}},{"start":{"line":56,"column":11},"end":{"line":60,"column":5}}],"line":51},"3":{"loc":{"start":{"line":69,"column":13},"end":{"line":69,"column":36}},"type":"binary-expr","locations":[{"start":{"line":69,"column":13},"end":{"line":69,"column":29}},{"start":{"line":69,"column":33},"end":{"line":69,"column":36}}],"line":69},"4":{"loc":{"start":{"line":71,"column":0},"end":{"line":102,"column":1}},"type":"if","locations":[{"start":{"line":71,"column":0},"end":{"line":102,"column":1}},{"start":{},"end":{}}],"line":71},"5":{"loc":{"start":{"line":86,"column":2},"end":{"line":101,"column":3}},"type":"if","locations":[{"start":{"line":86,"column":2},"end":{"line":101,"column":3}},{"start":{"line":99,"column":9},"end":{"line":101,"column":3}}],"line":86}},"s":{"0":1,"1":1,"2":1,"3":1,"4":1,"5":1,"6":1,"7":1,"8":1,"9":1,"10":1,"11":1,"12":1,"13":1,"14":1,"15":1,"16":1,"17":1,"18":1,"19":0,"20":1,"21":14,"22":14,"23":14,"24":0,"25":0,"26":0,"27":0,"28":0,"29":0,"30":0,"31":0,"32":0,"33":0,"34":0,"35":0,"36":0,"37":0,"38":1,"39":1,"40":1,"41":1,"42":1,"43":1,"44":1,"45":1,"46":1,"47":0,"48":0,"49":1,"50":1,"51":1,"52":1,"53":1,"54":0,"55":0,"56":1,"57":1,"58":0,"59":1},"f":{"0":1,"1":0,"2":14,"3":0,"4":1,"5":0,"6":0,"7":1},"b":{"0":[14,0],"1":[0,0],"2":[0,0],"3":[1,1],"4":[1,0],"5":[1,0]},"_coverageSchema":"1a1c01bbd47fc00a2c39e90264f33305004495a9","hash":"9016cdc5728f9aa1192d83c174fd5cf969ba0796"}
,"C:\\Users\\sombr\\Documents\\GitHub\\Impresioname\\Impresioname\\backend\\server\\auth\\utils.js": {"path":"C:\\Users\\sombr\\Documents\\GitHub\\Impresioname\\Impresioname\\backend\\server\\auth\\utils.js","statementMap":{"0":{"start":{"line":2,"column":10},"end":{"line":2,"column":33}},"1":{"start":{"line":8,"column":2},"end":{"line":8,"column":25}},"2":{"start":{"line":8,"column":13},"end":{"line":8,"column":25}},"3":{"start":{"line":10,"column":10},"end":{"line":15,"column":3}},"4":{"start":{"line":18,"column":2},"end":{"line":20,"column":5}},"5":{"start":{"line":25,"column":2},"end":{"line":25,"column":25}},"6":{"start":{"line":25,"column":13},"end":{"line":25,"column":25}},"7":{"start":{"line":27,"column":2},"end":{"line":32,"column":4}},"8":{"start":{"line":35,"column":0},"end":{"line":38,"column":1}}},"fnMap":{"0":{"name":"generateToken","decl":{"start":{"line":5,"column":9},"end":{"line":5,"column":22}},"loc":{"start":{"line":5,"column":29},"end":{"line":21,"column":1}},"line":5},"1":{"name":"getCleanUser","decl":{"start":{"line":24,"column":9},"end":{"line":24,"column":21}},"loc":{"start":{"line":24,"column":28},"end":{"line":33,"column":1}},"line":24}},"branchMap":{"0":{"loc":{"start":{"line":8,"column":2},"end":{"line":8,"column":25}},"type":"if","locations":[{"start":{"line":8,"column":2},"end":{"line":8,"column":25}},{"start":{},"end":{}}],"line":8},"1":{"loc":{"start":{"line":25,"column":2},"end":{"line":25,"column":25}},"type":"if","locations":[{"start":{"line":25,"column":2},"end":{"line":25,"column":25}},{"start":{},"end":{}}],"line":25}},"s":{"0":1,"1":0,"2":0,"3":0,"4":0,"5":0,"6":0,"7":0,"8":1},"f":{"0":0,"1":0},"b":{"0":[0,0],"1":[0,0]},"_coverageSchema":"1a1c01bbd47fc00a2c39e90264f33305004495a9","hash":"1952b94c6855956a71efb86938529a8ed45c208e"}
,"C:\\Users\\sombr\\Documents\\GitHub\\Impresioname\\Impresioname\\backend\\server\\config\\config.js": {"path":"C:\\Users\\sombr\\Documents\\GitHub\\Impresioname\\Impresioname\\backend\\server\\config\\config.js","statementMap":{"0":{"start":{"line":1,"column":0},"end":{"line":15,"column":1}}},"fnMap":{},"branchMap":{},"s":{"0":1},"f":{},"b":{},"_coverageSchema":"1a1c01bbd47fc00a2c39e90264f33305004495a9","hash":"9759d86d6d7146b9803d51918ecf6b9de6310d79"}
,"C:\\Users\\sombr\\Documents\\GitHub\\Impresioname\\Impresioname\\backend\\server\\controllers\\article.controller.js": {"path":"C:\\Users\\sombr\\Documents\\GitHub\\Impresioname\\Impresioname\\backend\\server\\controllers\\article.controller.js","statementMap":{"0":{"start":{"line":1,"column":11},"end":{"line":1,"column":31}},"1":{"start":{"line":2,"column":16},"end":{"line":2,"column":26}},"2":{"start":{"line":3,"column":11},"end":{"line":3,"column":26}},"3":{"start":{"line":4,"column":13},"end":{"line":4,"column":28}},"4":{"start":{"line":5,"column":11},"end":{"line":5,"column":24}},"5":{"start":{"line":8,"column":0},"end":{"line":40,"column":2}},"6":{"start":{"line":10,"column":4},"end":{"line":17,"column":5}},"7":{"start":{"line":15,"column":8},"end":{"line":15,"column":58}},"8":{"start":{"line":16,"column":8},"end":{"line":16,"column":15}},"9":{"start":{"line":20,"column":20},"end":{"line":27,"column":5}},"10":{"start":{"line":30,"column":4},"end":{"line":39,"column":11}},"11":{"start":{"line":32,"column":12},"end":{"line":32,"column":27}},"12":{"start":{"line":35,"column":12},"end":{"line":38,"column":15}},"13":{"start":{"line":43,"column":0},"end":{"line":59,"column":2}},"14":{"start":{"line":44,"column":21},"end":{"line":44,"column":40}},"15":{"start":{"line":46,"column":20},"end":{"line":46,"column":60}},"16":{"start":{"line":48,"column":4},"end":{"line":58,"column":11}},"17":{"start":{"line":50,"column":12},"end":{"line":54,"column":13}},"18":{"start":{"line":51,"column":16},"end":{"line":51,"column":76}},"19":{"start":{"line":53,"column":16},"end":{"line":53,"column":31}},"20":{"start":{"line":57,"column":12},"end":{"line":57,"column":72}},"21":{"start":{"line":62,"column":0},"end":{"line":70,"column":2}},"22":{"start":{"line":63,"column":4},"end":{"line":69,"column":11}},"23":{"start":{"line":65,"column":12},"end":{"line":65,"column":27}},"24":{"start":{"line":68,"column":12},"end":{"line":68,"column":72}},"25":{"start":{"line":73,"column":0},"end":{"line":89,"column":2}},"26":{"start":{"line":74,"column":15},"end":{"line":74,"column":28}},"27":{"start":{"line":75,"column":4},"end":{"line":88,"column":11}},"28":{"start":{"line":77,"column":12},"end":{"line":83,"column":13}},"29":{"start":{"line":78,"column":16},"end":{"line":80,"column":19}},"30":{"start":{"line":82,"column":16},"end":{"line":82,"column":31}},"31":{"start":{"line":86,"column":12},"end":{"line":86,"column":56}},"32":{"start":{"line":87,"column":12},"end":{"line":87,"column":71}},"33":{"start":{"line":92,"column":0},"end":{"line":123,"column":2}},"34":{"start":{"line":93,"column":15},"end":{"line":93,"column":28}},"35":{"start":{"line":94,"column":4},"end":{"line":105,"column":7}},"36":{"start":{"line":96,"column":8},"end":{"line":102,"column":9}},"37":{"start":{"line":97,"column":30},"end":{"line":97,"column":89}},"38":{"start":{"line":98,"column":12},"end":{"line":101,"column":14}},"39":{"start":{"line":99,"column":16},"end":{"line":100,"column":53}},"40":{"start":{"line":99,"column":25},"end":{"line":99,"column":61}},"41":{"start":{"line":100,"column":23},"end":{"line":100,"column":51}},"42":{"start":{"line":104,"column":8},"end":{"line":104,"column":67}},"43":{"start":{"line":108,"column":4},"end":{"line":122,"column":7}},"44":{"start":{"line":111,"column":8},"end":{"line":119,"column":9}},"45":{"start":{"line":112,"column":12},"end":{"line":114,"column":15}},"46":{"start":{"line":116,"column":12},"end":{"line":118,"column":15}},"47":{"start":{"line":121,"column":8},"end":{"line":121,"column":68}},"48":{"start":{"line":126,"column":0},"end":{"line":156,"column":2}},"49":{"start":{"line":127,"column":15},"end":{"line":127,"column":28}},"50":{"start":{"line":128,"column":4},"end":{"line":139,"column":11}},"51":{"start":{"line":130,"column":12},"end":{"line":136,"column":13}},"52":{"start":{"line":131,"column":34},"end":{"line":131,"column":93}},"53":{"start":{"line":132,"column":16},"end":{"line":135,"column":18}},"54":{"start":{"line":133,"column":20},"end":{"line":134,"column":57}},"55":{"start":{"line":133,"column":29},"end":{"line":133,"column":65}},"56":{"start":{"line":134,"column":27},"end":{"line":134,"column":55}},"57":{"start":{"line":138,"column":12},"end":{"line":138,"column":71}},"58":{"start":{"line":141,"column":4},"end":{"line":155,"column":7}},"59":{"start":{"line":144,"column":8},"end":{"line":152,"column":9}},"60":{"start":{"line":145,"column":12},"end":{"line":147,"column":15}},"61":{"start":{"line":149,"column":12},"end":{"line":151,"column":15}},"62":{"start":{"line":154,"column":8},"end":{"line":154,"column":68}}},"fnMap":{"0":{"name":"(anonymous_0)","decl":{"start":{"line":8,"column":17},"end":{"line":8,"column":18}},"loc":{"start":{"line":8,"column":31},"end":{"line":40,"column":1}},"line":8},"1":{"name":"(anonymous_1)","decl":{"start":{"line":31,"column":14},"end":{"line":31,"column":15}},"loc":{"start":{"line":31,"column":22},"end":{"line":33,"column":9}},"line":31},"2":{"name":"(anonymous_2)","decl":{"start":{"line":34,"column":15},"end":{"line":34,"column":16}},"loc":{"start":{"line":34,"column":22},"end":{"line":39,"column":9}},"line":34},"3":{"name":"(anonymous_3)","decl":{"start":{"line":43,"column":23},"end":{"line":43,"column":24}},"loc":{"start":{"line":43,"column":37},"end":{"line":59,"column":1}},"line":43},"4":{"name":"(anonymous_4)","decl":{"start":{"line":49,"column":14},"end":{"line":49,"column":15}},"loc":{"start":{"line":49,"column":22},"end":{"line":55,"column":9}},"line":49},"5":{"name":"(anonymous_5)","decl":{"start":{"line":56,"column":15},"end":{"line":56,"column":16}},"loc":{"start":{"line":56,"column":24},"end":{"line":58,"column":9}},"line":56},"6":{"name":"(anonymous_6)","decl":{"start":{"line":62,"column":18},"end":{"line":62,"column":19}},"loc":{"start":{"line":62,"column":32},"end":{"line":70,"column":1}},"line":62},"7":{"name":"(anonymous_7)","decl":{"start":{"line":64,"column":14},"end":{"line":64,"column":15}},"loc":{"start":{"line":64,"column":22},"end":{"line":66,"column":9}},"line":64},"8":{"name":"(anonymous_8)","decl":{"start":{"line":67,"column":15},"end":{"line":67,"column":16}},"loc":{"start":{"line":67,"column":24},"end":{"line":69,"column":9}},"line":67},"9":{"name":"(anonymous_9)","decl":{"start":{"line":73,"column":18},"end":{"line":73,"column":19}},"loc":{"start":{"line":73,"column":32},"end":{"line":89,"column":1}},"line":73},"10":{"name":"(anonymous_10)","decl":{"start":{"line":76,"column":14},"end":{"line":76,"column":15}},"loc":{"start":{"line":76,"column":22},"end":{"line":84,"column":9}},"line":76},"11":{"name":"(anonymous_11)","decl":{"start":{"line":85,"column":15},"end":{"line":85,"column":16}},"loc":{"start":{"line":85,"column":24},"end":{"line":88,"column":9}},"line":85},"12":{"name":"(anonymous_12)","decl":{"start":{"line":92,"column":17},"end":{"line":92,"column":18}},"loc":{"start":{"line":92,"column":31},"end":{"line":123,"column":1}},"line":92},"13":{"name":"(anonymous_13)","decl":{"start":{"line":95,"column":10},"end":{"line":95,"column":11}},"loc":{"start":{"line":95,"column":21},"end":{"line":103,"column":5}},"line":95},"14":{"name":"(anonymous_14)","decl":{"start":{"line":98,"column":33},"end":{"line":98,"column":34}},"loc":{"start":{"line":98,"column":42},"end":{"line":101,"column":13}},"line":98},"15":{"name":"(anonymous_15)","decl":{"start":{"line":103,"column":13},"end":{"line":103,"column":14}},"loc":{"start":{"line":103,"column":22},"end":{"line":105,"column":5}},"line":103},"16":{"name":"(anonymous_16)","decl":{"start":{"line":110,"column":12},"end":{"line":110,"column":13}},"loc":{"start":{"line":110,"column":19},"end":{"line":120,"column":5}},"line":110},"17":{"name":"(anonymous_17)","decl":{"start":{"line":120,"column":13},"end":{"line":120,"column":14}},"loc":{"start":{"line":120,"column":22},"end":{"line":122,"column":5}},"line":120},"18":{"name":"(anonymous_18)","decl":{"start":{"line":126,"column":17},"end":{"line":126,"column":18}},"loc":{"start":{"line":126,"column":31},"end":{"line":156,"column":1}},"line":126},"19":{"name":"(anonymous_19)","decl":{"start":{"line":129,"column":14},"end":{"line":129,"column":15}},"loc":{"start":{"line":129,"column":25},"end":{"line":137,"column":9}},"line":129},"20":{"name":"(anonymous_20)","decl":{"start":{"line":132,"column":37},"end":{"line":132,"column":38}},"loc":{"start":{"line":132,"column":46},"end":{"line":135,"column":17}},"line":132},"21":{"name":"(anonymous_21)","decl":{"start":{"line":137,"column":17},"end":{"line":137,"column":18}},"loc":{"start":{"line":137,"column":26},"end":{"line":139,"column":9}},"line":137},"22":{"name":"(anonymous_22)","decl":{"start":{"line":143,"column":12},"end":{"line":143,"column":13}},"loc":{"start":{"line":143,"column":19},"end":{"line":153,"column":5}},"line":143},"23":{"name":"(anonymous_23)","decl":{"start":{"line":153,"column":13},"end":{"line":153,"column":14}},"loc":{"start":{"line":153,"column":22},"end":{"line":155,"column":5}},"line":153}},"branchMap":{"0":{"loc":{"start":{"line":10,"column":4},"end":{"line":17,"column":5}},"type":"if","locations":[{"start":{"line":10,"column":4},"end":{"line":17,"column":5}},{"start":{},"end":{}}],"line":10},"1":{"loc":{"start":{"line":10,"column":8},"end":{"line":14,"column":23}},"type":"binary-expr","locations":[{"start":{"line":10,"column":8},"end":{"line":10,"column":22}},{"start":{"line":11,"column":8},"end":{"line":11,"column":29}},{"start":{"line":12,"column":8},"end":{"line":12,"column":23}},{"start":{"line":13,"column":8},"end":{"line":13,"column":26}},{"start":{"line":14,"column":8},"end":{"line":14,"column":23}}],"line":10},"2":{"loc":{"start":{"line":26,"column":18},"end":{"line":26,"column":51}},"type":"cond-expr","locations":[{"start":{"line":26,"column":29},"end":{"line":26,"column":46}},{"start":{"line":26,"column":49},"end":{"line":26,"column":51}}],"line":26},"3":{"loc":{"start":{"line":37,"column":20},"end":{"line":37,"column":58}},"type":"binary-expr","locations":[{"start":{"line":37,"column":20},"end":{"line":37,"column":31}},{"start":{"line":37,"column":35},"end":{"line":37,"column":58}}],"line":37},"4":{"loc":{"start":{"line":46,"column":20},"end":{"line":46,"column":60}},"type":"cond-expr","locations":[{"start":{"line":46,"column":31},"end":{"line":46,"column":53}},{"start":{"line":46,"column":56},"end":{"line":46,"column":60}}],"line":46},"5":{"loc":{"start":{"line":50,"column":12},"end":{"line":54,"column":13}},"type":"if","locations":[{"start":{"line":50,"column":12},"end":{"line":54,"column":13}},{"start":{"line":52,"column":19},"end":{"line":54,"column":13}}],"line":50},"6":{"loc":{"start":{"line":77,"column":12},"end":{"line":83,"column":13}},"type":"if","locations":[{"start":{"line":77,"column":12},"end":{"line":83,"column":13}},{"start":{"line":81,"column":19},"end":{"line":83,"column":13}}],"line":77},"7":{"loc":{"start":{"line":96,"column":8},"end":{"line":102,"column":9}},"type":"if","locations":[{"start":{"line":96,"column":8},"end":{"line":102,"column":9}},{"start":{},"end":{}}],"line":96},"8":{"loc":{"start":{"line":99,"column":16},"end":{"line":100,"column":53}},"type":"if","locations":[{"start":{"line":99,"column":16},"end":{"line":100,"column":53}},{"start":{"line":100,"column":21},"end":{"line":100,"column":53}}],"line":99},"9":{"loc":{"start":{"line":111,"column":8},"end":{"line":119,"column":9}},"type":"if","locations":[{"start":{"line":111,"column":8},"end":{"line":119,"column":9}},{"start":{"line":115,"column":15},"end":{"line":119,"column":9}}],"line":111},"10":{"loc":{"start":{"line":130,"column":12},"end":{"line":136,"column":13}},"type":"if","locations":[{"start":{"line":130,"column":12},"end":{"line":136,"column":13}},{"start":{},"end":{}}],"line":130},"11":{"loc":{"start":{"line":133,"column":20},"end":{"line":134,"column":57}},"type":"if","locations":[{"start":{"line":133,"column":20},"end":{"line":134,"column":57}},{"start":{"line":134,"column":25},"end":{"line":134,"column":57}}],"line":133},"12":{"loc":{"start":{"line":144,"column":8},"end":{"line":152,"column":9}},"type":"if","locations":[{"start":{"line":144,"column":8},"end":{"line":152,"column":9}},{"start":{"line":148,"column":15},"end":{"line":152,"column":9}}],"line":144}},"s":{"0":1,"1":1,"2":1,"3":1,"4":1,"5":1,"6":1,"7":1,"8":1,"9":0,"10":0,"11":0,"12":0,"13":1,"14":0,"15":0,"16":0,"17":0,"18":0,"19":0,"20":0,"21":1,"22":0,"23":0,"24":0,"25":1,"26":0,"27":0,"28":0,"29":0,"30":0,"31":0,"32":0,"33":1,"34":0,"35":0,"36":0,"37":0,"38":0,"39":0,"40":0,"41":0,"42":0,"43":0,"44":0,"45":0,"46":0,"47":0,"48":1,"49":0,"50":0,"51":0,"52":0,"53":0,"54":0,"55":0,"56":0,"57":0,"58":0,"59":0,"60":0,"61":0,"62":0},"f":{"0":1,"1":0,"2":0,"3":0,"4":0,"5":0,"6":0,"7":0,"8":0,"9":0,"10":0,"11":0,"12":0,"13":0,"14":0,"15":0,"16":0,"17":0,"18":0,"19":0,"20":0,"21":0,"22":0,"23":0},"b":{"0":[1,0],"1":[1,1,1,0,0],"2":[0,0],"3":[0,0],"4":[0,0],"5":[0,0],"6":[0,0],"7":[0,0],"8":[0,0],"9":[0,0],"10":[0,0],"11":[0,0],"12":[0,0]},"_coverageSchema":"1a1c01bbd47fc00a2c39e90264f33305004495a9","hash":"ca7c4f7b98f88d4e9ba9069de7ecd22e15b66633"}
,"C:\\Users\\sombr\\Documents\\GitHub\\Impresioname\\Impresioname\\backend\\server\\controllers\\auth.js": {"path":"C:\\Users\\sombr\\Documents\\GitHub\\Impresioname\\Impresioname\\backend\\server\\controllers\\auth.js","statementMap":{"0":{"start":{"line":1,"column":12},"end":{"line":1,"column":35}},"1":{"start":{"line":2,"column":14},"end":{"line":2,"column":38}},"2":{"start":{"line":3,"column":15},"end":{"line":3,"column":34}},"3":{"start":{"line":5,"column":11},"end":{"line":5,"column":31}},"4":{"start":{"line":6,"column":13},"end":{"line":6,"column":20}},"5":{"start":{"line":8,"column":0},"end":{"line":39,"column":2}},"6":{"start":{"line":9,"column":15},"end":{"line":9,"column":32}},"7":{"start":{"line":10,"column":14},"end":{"line":10,"column":31}},"8":{"start":{"line":13,"column":2},"end":{"line":18,"column":3}},"9":{"start":{"line":14,"column":4},"end":{"line":17,"column":7}},"10":{"start":{"line":21,"column":2},"end":{"line":38,"column":7}},"11":{"start":{"line":23,"column":21},"end":{"line":23,"column":59}},"12":{"start":{"line":24,"column":6},"end":{"line":24,"column":70}},"13":{"start":{"line":24,"column":18},"end":{"line":24,"column":70}},"14":{"start":{"line":27,"column":20},"end":{"line":27,"column":45}},"15":{"start":{"line":29,"column":22},"end":{"line":29,"column":46}},"16":{"start":{"line":31,"column":6},"end":{"line":31,"column":62}},"17":{"start":{"line":34,"column":6},"end":{"line":37,"column":9}},"18":{"start":{"line":41,"column":0},"end":{"line":77,"column":2}},"19":{"start":{"line":44,"column":14},"end":{"line":44,"column":23}},"20":{"start":{"line":45,"column":2},"end":{"line":50,"column":3}},"21":{"start":{"line":46,"column":4},"end":{"line":49,"column":7}},"22":{"start":{"line":53,"column":2},"end":{"line":76,"column":5}},"23":{"start":{"line":54,"column":4},"end":{"line":57,"column":7}},"24":{"start":{"line":54,"column":13},"end":{"line":57,"column":7}},"25":{"start":{"line":59,"column":4},"end":{"line":75,"column":9}},"26":{"start":{"line":62,"column":8},"end":{"line":67,"column":9}},"27":{"start":{"line":63,"column":10},"end":{"line":66,"column":13}},"28":{"start":{"line":69,"column":8},"end":{"line":69,"column":15}},"29":{"start":{"line":72,"column":8},"end":{"line":74,"column":11}}},"fnMap":{"0":{"name":"(anonymous_0)","decl":{"start":{"line":8,"column":17},"end":{"line":8,"column":18}},"loc":{"start":{"line":8,"column":31},"end":{"line":39,"column":1}},"line":8},"1":{"name":"(anonymous_1)","decl":{"start":{"line":22,"column":10},"end":{"line":22,"column":11}},"loc":{"start":{"line":22,"column":18},"end":{"line":32,"column":5}},"line":22},"2":{"name":"(anonymous_2)","decl":{"start":{"line":33,"column":11},"end":{"line":33,"column":12}},"loc":{"start":{"line":33,"column":18},"end":{"line":38,"column":5}},"line":33},"3":{"name":"(anonymous_3)","decl":{"start":{"line":41,"column":26},"end":{"line":41,"column":27}},"loc":{"start":{"line":41,"column":46},"end":{"line":77,"column":1}},"line":41},"4":{"name":"(anonymous_4)","decl":{"start":{"line":53,"column":45},"end":{"line":53,"column":46}},"loc":{"start":{"line":53,"column":66},"end":{"line":76,"column":3}},"line":53},"5":{"name":"(anonymous_5)","decl":{"start":{"line":60,"column":12},"end":{"line":60,"column":13}},"loc":{"start":{"line":60,"column":20},"end":{"line":70,"column":7}},"line":60},"6":{"name":"(anonymous_6)","decl":{"start":{"line":71,"column":13},"end":{"line":71,"column":14}},"loc":{"start":{"line":71,"column":20},"end":{"line":75,"column":7}},"line":71}},"branchMap":{"0":{"loc":{"start":{"line":13,"column":2},"end":{"line":18,"column":3}},"type":"if","locations":[{"start":{"line":13,"column":2},"end":{"line":18,"column":3}},{"start":{},"end":{}}],"line":13},"1":{"loc":{"start":{"line":13,"column":6},"end":{"line":13,"column":19}},"type":"binary-expr","locations":[{"start":{"line":13,"column":6},"end":{"line":13,"column":11}},{"start":{"line":13,"column":15},"end":{"line":13,"column":19}}],"line":13},"2":{"loc":{"start":{"line":24,"column":6},"end":{"line":24,"column":70}},"type":"if","locations":[{"start":{"line":24,"column":6},"end":{"line":24,"column":70}},{"start":{},"end":{}}],"line":24},"3":{"loc":{"start":{"line":36,"column":10},"end":{"line":36,"column":74}},"type":"binary-expr","locations":[{"start":{"line":36,"column":10},"end":{"line":36,"column":21}},{"start":{"line":36,"column":25},"end":{"line":36,"column":74}}],"line":36},"4":{"loc":{"start":{"line":45,"column":2},"end":{"line":50,"column":3}},"type":"if","locations":[{"start":{"line":45,"column":2},"end":{"line":50,"column":3}},{"start":{},"end":{}}],"line":45},"5":{"loc":{"start":{"line":54,"column":4},"end":{"line":57,"column":7}},"type":"if","locations":[{"start":{"line":54,"column":4},"end":{"line":57,"column":7}},{"start":{},"end":{}}],"line":54},"6":{"loc":{"start":{"line":62,"column":8},"end":{"line":67,"column":9}},"type":"if","locations":[{"start":{"line":62,"column":8},"end":{"line":67,"column":9}},{"start":{},"end":{}}],"line":62}},"s":{"0":1,"1":1,"2":1,"3":1,"4":1,"5":1,"6":0,"7":0,"8":0,"9":0,"10":0,"11":0,"12":0,"13":0,"14":0,"15":0,"16":0,"17":0,"18":1,"19":0,"20":0,"21":0,"22":0,"23":0,"24":0,"25":0,"26":0,"27":0,"28":0,"29":0},"f":{"0":0,"1":0,"2":0,"3":0,"4":0,"5":0,"6":0},"b":{"0":[0,0],"1":[0,0],"2":[0,0],"3":[0,0],"4":[0,0],"5":[0,0],"6":[0,0]},"_coverageSchema":"1a1c01bbd47fc00a2c39e90264f33305004495a9","hash":"a6a62cc12316fb01c78f455576887039ae171355"}
,"C:\\Users\\sombr\\Documents\\GitHub\\Impresioname\\Impresioname\\backend\\server\\controllers\\carry.controller.js": {"path":"C:\\Users\\sombr\\Documents\\GitHub\\Impresioname\\Impresioname\\backend\\server\\controllers\\carry.controller.js","statementMap":{"0":{"start":{"line":1,"column":11},"end":{"line":1,"column":31}},"1":{"start":{"line":2,"column":14},"end":{"line":2,"column":22}},"2":{"start":{"line":3,"column":11},"end":{"line":3,"column":26}},"3":{"start":{"line":6,"column":0},"end":{"line":31,"column":2}},"4":{"start":{"line":8,"column":4},"end":{"line":12,"column":5}},"5":{"start":{"line":10,"column":12},"end":{"line":10,"column":62}},"6":{"start":{"line":11,"column":12},"end":{"line":11,"column":19}},"7":{"start":{"line":15,"column":18},"end":{"line":18,"column":5}},"8":{"start":{"line":21,"column":4},"end":{"line":30,"column":11}},"9":{"start":{"line":23,"column":12},"end":{"line":23,"column":27}},"10":{"start":{"line":26,"column":12},"end":{"line":29,"column":15}},"11":{"start":{"line":34,"column":0},"end":{"line":45,"column":2}},"12":{"start":{"line":35,"column":4},"end":{"line":44,"column":11}},"13":{"start":{"line":37,"column":12},"end":{"line":37,"column":27}},"14":{"start":{"line":40,"column":12},"end":{"line":43,"column":15}},"15":{"start":{"line":48,"column":0},"end":{"line":66,"column":2}},"16":{"start":{"line":49,"column":15},"end":{"line":49,"column":28}},"17":{"start":{"line":50,"column":4},"end":{"line":65,"column":11}},"18":{"start":{"line":52,"column":12},"end":{"line":58,"column":13}},"19":{"start":{"line":53,"column":16},"end":{"line":55,"column":19}},"20":{"start":{"line":57,"column":16},"end":{"line":57,"column":31}},"21":{"start":{"line":61,"column":12},"end":{"line":64,"column":15}},"22":{"start":{"line":69,"column":0},"end":{"line":95,"column":2}},"23":{"start":{"line":70,"column":23},"end":{"line":70,"column":44}},"24":{"start":{"line":71,"column":24},"end":{"line":71,"column":46}},"25":{"start":{"line":73,"column":4},"end":{"line":94,"column":7}},"26":{"start":{"line":79,"column":8},"end":{"line":87,"column":9}},"27":{"start":{"line":80,"column":12},"end":{"line":82,"column":15}},"28":{"start":{"line":84,"column":12},"end":{"line":86,"column":15}},"29":{"start":{"line":90,"column":8},"end":{"line":93,"column":11}},"30":{"start":{"line":98,"column":0},"end":{"line":124,"column":2}},"31":{"start":{"line":99,"column":23},"end":{"line":99,"column":44}},"32":{"start":{"line":100,"column":24},"end":{"line":100,"column":46}},"33":{"start":{"line":102,"column":4},"end":{"line":123,"column":7}},"34":{"start":{"line":108,"column":8},"end":{"line":116,"column":9}},"35":{"start":{"line":109,"column":12},"end":{"line":111,"column":15}},"36":{"start":{"line":113,"column":12},"end":{"line":115,"column":15}},"37":{"start":{"line":119,"column":8},"end":{"line":122,"column":11}},"38":{"start":{"line":126,"column":0},"end":{"line":145,"column":2}},"39":{"start":{"line":127,"column":24},"end":{"line":127,"column":46}},"40":{"start":{"line":129,"column":4},"end":{"line":144,"column":7}},"41":{"start":{"line":131,"column":12},"end":{"line":137,"column":13}},"42":{"start":{"line":132,"column":16},"end":{"line":134,"column":19}},"43":{"start":{"line":136,"column":16},"end":{"line":136,"column":31}},"44":{"start":{"line":140,"column":8},"end":{"line":143,"column":11}}},"fnMap":{"0":{"name":"(anonymous_0)","decl":{"start":{"line":6,"column":17},"end":{"line":6,"column":18}},"loc":{"start":{"line":6,"column":31},"end":{"line":31,"column":1}},"line":6},"1":{"name":"(anonymous_1)","decl":{"start":{"line":22,"column":14},"end":{"line":22,"column":15}},"loc":{"start":{"line":22,"column":22},"end":{"line":24,"column":9}},"line":22},"2":{"name":"(anonymous_2)","decl":{"start":{"line":25,"column":15},"end":{"line":25,"column":16}},"loc":{"start":{"line":25,"column":22},"end":{"line":30,"column":9}},"line":25},"3":{"name":"(anonymous_3)","decl":{"start":{"line":34,"column":18},"end":{"line":34,"column":19}},"loc":{"start":{"line":34,"column":32},"end":{"line":45,"column":1}},"line":34},"4":{"name":"(anonymous_4)","decl":{"start":{"line":36,"column":14},"end":{"line":36,"column":15}},"loc":{"start":{"line":36,"column":22},"end":{"line":38,"column":9}},"line":36},"5":{"name":"(anonymous_5)","decl":{"start":{"line":39,"column":15},"end":{"line":39,"column":16}},"loc":{"start":{"line":39,"column":22},"end":{"line":44,"column":9}},"line":39},"6":{"name":"(anonymous_6)","decl":{"start":{"line":48,"column":18},"end":{"line":48,"column":19}},"loc":{"start":{"line":48,"column":32},"end":{"line":66,"column":1}},"line":48},"7":{"name":"(anonymous_7)","decl":{"start":{"line":51,"column":14},"end":{"line":51,"column":15}},"loc":{"start":{"line":51,"column":22},"end":{"line":59,"column":9}},"line":51},"8":{"name":"(anonymous_8)","decl":{"start":{"line":60,"column":15},"end":{"line":60,"column":16}},"loc":{"start":{"line":60,"column":22},"end":{"line":65,"column":9}},"line":60},"9":{"name":"(anonymous_9)","decl":{"start":{"line":69,"column":17},"end":{"line":69,"column":18}},"loc":{"start":{"line":69,"column":31},"end":{"line":95,"column":1}},"line":69},"10":{"name":"(anonymous_10)","decl":{"start":{"line":78,"column":12},"end":{"line":78,"column":13}},"loc":{"start":{"line":78,"column":19},"end":{"line":88,"column":5}},"line":78},"11":{"name":"(anonymous_11)","decl":{"start":{"line":89,"column":11},"end":{"line":89,"column":12}},"loc":{"start":{"line":89,"column":18},"end":{"line":94,"column":5}},"line":89},"12":{"name":"(anonymous_12)","decl":{"start":{"line":98,"column":17},"end":{"line":98,"column":18}},"loc":{"start":{"line":98,"column":31},"end":{"line":124,"column":1}},"line":98},"13":{"name":"(anonymous_13)","decl":{"start":{"line":107,"column":12},"end":{"line":107,"column":13}},"loc":{"start":{"line":107,"column":19},"end":{"line":117,"column":5}},"line":107},"14":{"name":"(anonymous_14)","decl":{"start":{"line":118,"column":11},"end":{"line":118,"column":12}},"loc":{"start":{"line":118,"column":18},"end":{"line":123,"column":5}},"line":118},"15":{"name":"(anonymous_15)","decl":{"start":{"line":126,"column":27},"end":{"line":126,"column":28}},"loc":{"start":{"line":126,"column":41},"end":{"line":145,"column":1}},"line":126},"16":{"name":"(anonymous_16)","decl":{"start":{"line":130,"column":10},"end":{"line":130,"column":11}},"loc":{"start":{"line":130,"column":18},"end":{"line":138,"column":5}},"line":130},"17":{"name":"(anonymous_17)","decl":{"start":{"line":139,"column":11},"end":{"line":139,"column":12}},"loc":{"start":{"line":139,"column":18},"end":{"line":144,"column":5}},"line":139}},"branchMap":{"0":{"loc":{"start":{"line":8,"column":4},"end":{"line":12,"column":5}},"type":"if","locations":[{"start":{"line":8,"column":4},"end":{"line":12,"column":5}},{"start":{},"end":{}}],"line":8},"1":{"loc":{"start":{"line":8,"column":8},"end":{"line":9,"column":29}},"type":"binary-expr","locations":[{"start":{"line":8,"column":8},"end":{"line":8,"column":28}},{"start":{"line":9,"column":8},"end":{"line":9,"column":29}}],"line":8},"2":{"loc":{"start":{"line":28,"column":20},"end":{"line":28,"column":56}},"type":"binary-expr","locations":[{"start":{"line":28,"column":20},"end":{"line":28,"column":31}},{"start":{"line":28,"column":35},"end":{"line":28,"column":56}}],"line":28},"3":{"loc":{"start":{"line":42,"column":20},"end":{"line":42,"column":59}},"type":"binary-expr","locations":[{"start":{"line":42,"column":20},"end":{"line":42,"column":31}},{"start":{"line":42,"column":35},"end":{"line":42,"column":59}}],"line":42},"4":{"loc":{"start":{"line":52,"column":12},"end":{"line":58,"column":13}},"type":"if","locations":[{"start":{"line":52,"column":12},"end":{"line":58,"column":13}},{"start":{"line":56,"column":19},"end":{"line":58,"column":13}}],"line":52},"5":{"loc":{"start":{"line":63,"column":20},"end":{"line":63,"column":57}},"type":"binary-expr","locations":[{"start":{"line":63,"column":20},"end":{"line":63,"column":31}},{"start":{"line":63,"column":35},"end":{"line":63,"column":57}}],"line":63},"6":{"loc":{"start":{"line":79,"column":8},"end":{"line":87,"column":9}},"type":"if","locations":[{"start":{"line":79,"column":8},"end":{"line":87,"column":9}},{"start":{"line":83,"column":15},"end":{"line":87,"column":9}}],"line":79},"7":{"loc":{"start":{"line":92,"column":16},"end":{"line":92,"column":58}},"type":"binary-expr","locations":[{"start":{"line":92,"column":16},"end":{"line":92,"column":27}},{"start":{"line":92,"column":31},"end":{"line":92,"column":58}}],"line":92},"8":{"loc":{"start":{"line":108,"column":8},"end":{"line":116,"column":9}},"type":"if","locations":[{"start":{"line":108,"column":8},"end":{"line":116,"column":9}},{"start":{"line":112,"column":15},"end":{"line":116,"column":9}}],"line":108},"9":{"loc":{"start":{"line":121,"column":16},"end":{"line":121,"column":55}},"type":"binary-expr","locations":[{"start":{"line":121,"column":16},"end":{"line":121,"column":27}},{"start":{"line":121,"column":31},"end":{"line":121,"column":55}}],"line":121},"10":{"loc":{"start":{"line":131,"column":12},"end":{"line":137,"column":13}},"type":"if","locations":[{"start":{"line":131,"column":12},"end":{"line":137,"column":13}},{"start":{"line":135,"column":19},"end":{"line":137,"column":13}}],"line":131},"11":{"loc":{"start":{"line":142,"column":16},"end":{"line":142,"column":55}},"type":"binary-expr","locations":[{"start":{"line":142,"column":16},"end":{"line":142,"column":27}},{"start":{"line":142,"column":31},"end":{"line":142,"column":55}}],"line":142}},"s":{"0":1,"1":1,"2":1,"3":1,"4":1,"5":1,"6":1,"7":0,"8":0,"9":0,"10":0,"11":1,"12":0,"13":0,"14":0,"15":1,"16":1,"17":1,"18":1,"19":1,"20":0,"21":0,"22":1,"23":1,"24":1,"25":1,"26":1,"27":0,"28":1,"29":0,"30":1,"31":1,"32":1,"33":1,"34":1,"35":0,"36":1,"37":0,"38":1,"39":0,"40":0,"41":0,"42":0,"43":0,"44":0},"f":{"0":1,"1":0,"2":0,"3":0,"4":0,"5":0,"6":1,"7":1,"8":0,"9":1,"10":1,"11":0,"12":1,"13":1,"14":0,"15":0,"16":0,"17":0},"b":{"0":[1,0],"1":[1,0],"2":[0,0],"3":[0,0],"4":[1,0],"5":[0,0],"6":[0,1],"7":[0,0],"8":[0,1],"9":[0,0],"10":[0,0],"11":[0,0]},"_coverageSchema":"1a1c01bbd47fc00a2c39e90264f33305004495a9","hash":"d57b52d91f0c2a3d49639ef9acf70d7290a83684"}
,"C:\\Users\\sombr\\Documents\\GitHub\\Impresioname\\Impresioname\\backend\\server\\controllers\\direction.controller.js": {"path":"C:\\Users\\sombr\\Documents\\GitHub\\Impresioname\\Impresioname\\backend\\server\\controllers\\direction.controller.js","statementMap":{"0":{"start":{"line":1,"column":11},"end":{"line":1,"column":31}},"1":{"start":{"line":2,"column":18},"end":{"line":2,"column":30}},"2":{"start":{"line":3,"column":11},"end":{"line":3,"column":26}},"3":{"start":{"line":6,"column":0},"end":{"line":37,"column":2}},"4":{"start":{"line":8,"column":4},"end":{"line":15,"column":5}},"5":{"start":{"line":13,"column":8},"end":{"line":13,"column":58}},"6":{"start":{"line":14,"column":8},"end":{"line":14,"column":15}},"7":{"start":{"line":18,"column":22},"end":{"line":24,"column":5}},"8":{"start":{"line":27,"column":4},"end":{"line":36,"column":11}},"9":{"start":{"line":29,"column":12},"end":{"line":29,"column":27}},"10":{"start":{"line":32,"column":12},"end":{"line":35,"column":15}},"11":{"start":{"line":40,"column":0},"end":{"line":51,"column":2}},"12":{"start":{"line":41,"column":4},"end":{"line":50,"column":11}},"13":{"start":{"line":43,"column":12},"end":{"line":43,"column":27}},"14":{"start":{"line":46,"column":12},"end":{"line":49,"column":15}},"15":{"start":{"line":54,"column":0},"end":{"line":72,"column":2}},"16":{"start":{"line":55,"column":15},"end":{"line":55,"column":28}},"17":{"start":{"line":56,"column":4},"end":{"line":71,"column":11}},"18":{"start":{"line":58,"column":12},"end":{"line":64,"column":13}},"19":{"start":{"line":59,"column":16},"end":{"line":61,"column":19}},"20":{"start":{"line":63,"column":16},"end":{"line":63,"column":31}},"21":{"start":{"line":67,"column":12},"end":{"line":70,"column":15}},"22":{"start":{"line":74,"column":0},"end":{"line":89,"column":2}},"23":{"start":{"line":75,"column":19},"end":{"line":75,"column":36}},"24":{"start":{"line":77,"column":20},"end":{"line":77,"column":55}},"25":{"start":{"line":79,"column":4},"end":{"line":88,"column":11}},"26":{"start":{"line":81,"column":12},"end":{"line":81,"column":27}},"27":{"start":{"line":84,"column":12},"end":{"line":87,"column":15}},"28":{"start":{"line":93,"column":0},"end":{"line":114,"column":2}},"29":{"start":{"line":94,"column":15},"end":{"line":94,"column":28}},"30":{"start":{"line":95,"column":4},"end":{"line":113,"column":7}},"31":{"start":{"line":98,"column":8},"end":{"line":106,"column":9}},"32":{"start":{"line":99,"column":12},"end":{"line":101,"column":15}},"33":{"start":{"line":103,"column":12},"end":{"line":105,"column":15}},"34":{"start":{"line":109,"column":8},"end":{"line":112,"column":11}},"35":{"start":{"line":117,"column":0},"end":{"line":138,"column":2}},"36":{"start":{"line":118,"column":15},"end":{"line":118,"column":28}},"37":{"start":{"line":119,"column":4},"end":{"line":137,"column":7}},"38":{"start":{"line":122,"column":8},"end":{"line":130,"column":9}},"39":{"start":{"line":123,"column":12},"end":{"line":125,"column":15}},"40":{"start":{"line":127,"column":12},"end":{"line":129,"column":15}},"41":{"start":{"line":133,"column":8},"end":{"line":136,"column":11}}},"fnMap":{"0":{"name":"(anonymous_0)","decl":{"start":{"line":6,"column":17},"end":{"line":6,"column":18}},"loc":{"start":{"line":6,"column":31},"end":{"line":37,"column":1}},"line":6},"1":{"name":"(anonymous_1)","decl":{"start":{"line":28,"column":14},"end":{"line":28,"column":15}},"loc":{"start":{"line":28,"column":22},"end":{"line":30,"column":9}},"line":28},"2":{"name":"(anonymous_2)","decl":{"start":{"line":31,"column":15},"end":{"line":31,"column":16}},"loc":{"start":{"line":31,"column":22},"end":{"line":36,"column":9}},"line":31},"3":{"name":"(anonymous_3)","decl":{"start":{"line":40,"column":18},"end":{"line":40,"column":19}},"loc":{"start":{"line":40,"column":32},"end":{"line":51,"column":1}},"line":40},"4":{"name":"(anonymous_4)","decl":{"start":{"line":42,"column":14},"end":{"line":42,"column":15}},"loc":{"start":{"line":42,"column":22},"end":{"line":44,"column":9}},"line":42},"5":{"name":"(anonymous_5)","decl":{"start":{"line":45,"column":15},"end":{"line":45,"column":16}},"loc":{"start":{"line":45,"column":22},"end":{"line":50,"column":9}},"line":45},"6":{"name":"(anonymous_6)","decl":{"start":{"line":54,"column":18},"end":{"line":54,"column":19}},"loc":{"start":{"line":54,"column":32},"end":{"line":72,"column":1}},"line":54},"7":{"name":"(anonymous_7)","decl":{"start":{"line":57,"column":14},"end":{"line":57,"column":15}},"loc":{"start":{"line":57,"column":22},"end":{"line":65,"column":9}},"line":57},"8":{"name":"(anonymous_8)","decl":{"start":{"line":66,"column":15},"end":{"line":66,"column":16}},"loc":{"start":{"line":66,"column":22},"end":{"line":71,"column":9}},"line":66},"9":{"name":"(anonymous_9)","decl":{"start":{"line":74,"column":21},"end":{"line":74,"column":22}},"loc":{"start":{"line":74,"column":35},"end":{"line":89,"column":1}},"line":74},"10":{"name":"(anonymous_10)","decl":{"start":{"line":80,"column":14},"end":{"line":80,"column":15}},"loc":{"start":{"line":80,"column":22},"end":{"line":82,"column":9}},"line":80},"11":{"name":"(anonymous_11)","decl":{"start":{"line":83,"column":15},"end":{"line":83,"column":16}},"loc":{"start":{"line":83,"column":22},"end":{"line":88,"column":9}},"line":83},"12":{"name":"(anonymous_12)","decl":{"start":{"line":93,"column":17},"end":{"line":93,"column":18}},"loc":{"start":{"line":93,"column":31},"end":{"line":114,"column":1}},"line":93},"13":{"name":"(anonymous_13)","decl":{"start":{"line":97,"column":12},"end":{"line":97,"column":13}},"loc":{"start":{"line":97,"column":19},"end":{"line":107,"column":5}},"line":97},"14":{"name":"(anonymous_14)","decl":{"start":{"line":108,"column":11},"end":{"line":108,"column":12}},"loc":{"start":{"line":108,"column":18},"end":{"line":113,"column":5}},"line":108},"15":{"name":"(anonymous_15)","decl":{"start":{"line":117,"column":17},"end":{"line":117,"column":18}},"loc":{"start":{"line":117,"column":31},"end":{"line":138,"column":1}},"line":117},"16":{"name":"(anonymous_16)","decl":{"start":{"line":121,"column":12},"end":{"line":121,"column":13}},"loc":{"start":{"line":121,"column":19},"end":{"line":131,"column":5}},"line":121},"17":{"name":"(anonymous_17)","decl":{"start":{"line":132,"column":11},"end":{"line":132,"column":12}},"loc":{"start":{"line":132,"column":18},"end":{"line":137,"column":5}},"line":132}},"branchMap":{"0":{"loc":{"start":{"line":8,"column":4},"end":{"line":15,"column":5}},"type":"if","locations":[{"start":{"line":8,"column":4},"end":{"line":15,"column":5}},{"start":{},"end":{}}],"line":8},"1":{"loc":{"start":{"line":8,"column":8},"end":{"line":12,"column":25}},"type":"binary-expr","locations":[{"start":{"line":8,"column":8},"end":{"line":8,"column":27}},{"start":{"line":9,"column":8},"end":{"line":9,"column":27}},{"start":{"line":10,"column":8},"end":{"line":10,"column":26}},{"start":{"line":11,"column":8},"end":{"line":11,"column":26}},{"start":{"line":12,"column":8},"end":{"line":12,"column":25}}],"line":8},"2":{"loc":{"start":{"line":34,"column":20},"end":{"line":34,"column":60}},"type":"binary-expr","locations":[{"start":{"line":34,"column":20},"end":{"line":34,"column":31}},{"start":{"line":34,"column":35},"end":{"line":34,"column":60}}],"line":34},"3":{"loc":{"start":{"line":48,"column":20},"end":{"line":48,"column":62}},"type":"binary-expr","locations":[{"start":{"line":48,"column":20},"end":{"line":48,"column":31}},{"start":{"line":48,"column":35},"end":{"line":48,"column":62}}],"line":48},"4":{"loc":{"start":{"line":58,"column":12},"end":{"line":64,"column":13}},"type":"if","locations":[{"start":{"line":58,"column":12},"end":{"line":64,"column":13}},{"start":{"line":62,"column":19},"end":{"line":64,"column":13}}],"line":58},"5":{"loc":{"start":{"line":69,"column":20},"end":{"line":69,"column":61}},"type":"binary-expr","locations":[{"start":{"line":69,"column":20},"end":{"line":69,"column":31}},{"start":{"line":69,"column":35},"end":{"line":69,"column":61}}],"line":69},"6":{"loc":{"start":{"line":77,"column":20},"end":{"line":77,"column":55}},"type":"cond-expr","locations":[{"start":{"line":77,"column":29},"end":{"line":77,"column":48}},{"start":{"line":77,"column":51},"end":{"line":77,"column":55}}],"line":77},"7":{"loc":{"start":{"line":86,"column":20},"end":{"line":86,"column":58}},"type":"binary-expr","locations":[{"start":{"line":86,"column":20},"end":{"line":86,"column":31}},{"start":{"line":86,"column":35},"end":{"line":86,"column":58}}],"line":86},"8":{"loc":{"start":{"line":98,"column":8},"end":{"line":106,"column":9}},"type":"if","locations":[{"start":{"line":98,"column":8},"end":{"line":106,"column":9}},{"start":{"line":102,"column":15},"end":{"line":106,"column":9}}],"line":98},"9":{"loc":{"start":{"line":111,"column":16},"end":{"line":111,"column":62}},"type":"binary-expr","locations":[{"start":{"line":111,"column":16},"end":{"line":111,"column":27}},{"start":{"line":111,"column":31},"end":{"line":111,"column":62}}],"line":111},"10":{"loc":{"start":{"line":122,"column":8},"end":{"line":130,"column":9}},"type":"if","locations":[{"start":{"line":122,"column":8},"end":{"line":130,"column":9}},{"start":{"line":126,"column":15},"end":{"line":130,"column":9}}],"line":122},"11":{"loc":{"start":{"line":135,"column":16},"end":{"line":135,"column":58}},"type":"binary-expr","locations":[{"start":{"line":135,"column":16},"end":{"line":135,"column":27}},{"start":{"line":135,"column":31},"end":{"line":135,"column":58}}],"line":135}},"s":{"0":1,"1":1,"2":1,"3":1,"4":1,"5":1,"6":1,"7":0,"8":0,"9":0,"10":0,"11":1,"12":0,"13":0,"14":0,"15":1,"16":2,"17":2,"18":2,"19":2,"20":0,"21":0,"22":1,"23":0,"24":0,"25":0,"26":0,"27":0,"28":1,"29":1,"30":1,"31":1,"32":0,"33":1,"34":0,"35":1,"36":1,"37":1,"38":1,"39":0,"40":1,"41":0},"f":{"0":1,"1":0,"2":0,"3":0,"4":0,"5":0,"6":2,"7":2,"8":0,"9":0,"10":0,"11":0,"12":1,"13":1,"14":0,"15":1,"16":1,"17":0},"b":{"0":[1,0],"1":[1,1,1,1,1],"2":[0,0],"3":[0,0],"4":[2,0],"5":[0,0],"6":[0,0],"7":[0,0],"8":[0,1],"9":[0,0],"10":[0,1],"11":[0,0]},"_coverageSchema":"1a1c01bbd47fc00a2c39e90264f33305004495a9","hash":"52324664f7058c58a425186cc33d4536a54e23c2"}
,"C:\\Users\\sombr\\Documents\\GitHub\\Impresioname\\Impresioname\\backend\\server\\controllers\\purchase.controller.js": {"path":"C:\\Users\\sombr\\Documents\\GitHub\\Impresioname\\Impresioname\\backend\\server\\controllers\\purchase.controller.js","statementMap":{"0":{"start":{"line":1,"column":11},"end":{"line":1,"column":31}},"1":{"start":{"line":2,"column":17},"end":{"line":2,"column":28}},"2":{"start":{"line":3,"column":11},"end":{"line":3,"column":26}},"3":{"start":{"line":6,"column":0},"end":{"line":35,"column":2}},"4":{"start":{"line":8,"column":4},"end":{"line":14,"column":5}},"5":{"start":{"line":12,"column":8},"end":{"line":12,"column":58}},"6":{"start":{"line":13,"column":8},"end":{"line":13,"column":15}},"7":{"start":{"line":17,"column":21},"end":{"line":22,"column":5}},"8":{"start":{"line":25,"column":4},"end":{"line":34,"column":11}},"9":{"start":{"line":27,"column":12},"end":{"line":27,"column":27}},"10":{"start":{"line":30,"column":12},"end":{"line":33,"column":15}},"11":{"start":{"line":38,"column":0},"end":{"line":49,"column":2}},"12":{"start":{"line":39,"column":4},"end":{"line":48,"column":11}},"13":{"start":{"line":41,"column":12},"end":{"line":41,"column":27}},"14":{"start":{"line":44,"column":12},"end":{"line":47,"column":15}},"15":{"start":{"line":52,"column":0},"end":{"line":70,"column":2}},"16":{"start":{"line":53,"column":15},"end":{"line":53,"column":28}},"17":{"start":{"line":54,"column":4},"end":{"line":69,"column":11}},"18":{"start":{"line":56,"column":12},"end":{"line":62,"column":13}},"19":{"start":{"line":57,"column":16},"end":{"line":59,"column":19}},"20":{"start":{"line":61,"column":16},"end":{"line":61,"column":31}},"21":{"start":{"line":65,"column":12},"end":{"line":68,"column":15}},"22":{"start":{"line":72,"column":0},"end":{"line":87,"column":2}},"23":{"start":{"line":73,"column":19},"end":{"line":73,"column":36}},"24":{"start":{"line":75,"column":20},"end":{"line":75,"column":55}},"25":{"start":{"line":77,"column":4},"end":{"line":86,"column":11}},"26":{"start":{"line":79,"column":12},"end":{"line":79,"column":27}},"27":{"start":{"line":82,"column":12},"end":{"line":85,"column":15}},"28":{"start":{"line":90,"column":0},"end":{"line":109,"column":2}},"29":{"start":{"line":91,"column":15},"end":{"line":91,"column":28}},"30":{"start":{"line":92,"column":4},"end":{"line":108,"column":7}},"31":{"start":{"line":95,"column":8},"end":{"line":103,"column":9}},"32":{"start":{"line":96,"column":12},"end":{"line":98,"column":15}},"33":{"start":{"line":100,"column":12},"end":{"line":102,"column":15}},"34":{"start":{"line":105,"column":8},"end":{"line":107,"column":11}},"35":{"start":{"line":112,"column":0},"end":{"line":133,"column":2}},"36":{"start":{"line":113,"column":15},"end":{"line":113,"column":28}},"37":{"start":{"line":114,"column":4},"end":{"line":132,"column":7}},"38":{"start":{"line":117,"column":8},"end":{"line":125,"column":9}},"39":{"start":{"line":118,"column":12},"end":{"line":120,"column":15}},"40":{"start":{"line":122,"column":12},"end":{"line":124,"column":15}},"41":{"start":{"line":128,"column":8},"end":{"line":131,"column":11}}},"fnMap":{"0":{"name":"(anonymous_0)","decl":{"start":{"line":6,"column":17},"end":{"line":6,"column":18}},"loc":{"start":{"line":6,"column":31},"end":{"line":35,"column":1}},"line":6},"1":{"name":"(anonymous_1)","decl":{"start":{"line":26,"column":14},"end":{"line":26,"column":15}},"loc":{"start":{"line":26,"column":22},"end":{"line":28,"column":9}},"line":26},"2":{"name":"(anonymous_2)","decl":{"start":{"line":29,"column":15},"end":{"line":29,"column":16}},"loc":{"start":{"line":29,"column":22},"end":{"line":34,"column":9}},"line":29},"3":{"name":"(anonymous_3)","decl":{"start":{"line":38,"column":18},"end":{"line":38,"column":19}},"loc":{"start":{"line":38,"column":32},"end":{"line":49,"column":1}},"line":38},"4":{"name":"(anonymous_4)","decl":{"start":{"line":40,"column":14},"end":{"line":40,"column":15}},"loc":{"start":{"line":40,"column":22},"end":{"line":42,"column":9}},"line":40},"5":{"name":"(anonymous_5)","decl":{"start":{"line":43,"column":15},"end":{"line":43,"column":16}},"loc":{"start":{"line":43,"column":22},"end":{"line":48,"column":9}},"line":43},"6":{"name":"(anonymous_6)","decl":{"start":{"line":52,"column":18},"end":{"line":52,"column":19}},"loc":{"start":{"line":52,"column":32},"end":{"line":70,"column":1}},"line":52},"7":{"name":"(anonymous_7)","decl":{"start":{"line":55,"column":14},"end":{"line":55,"column":15}},"loc":{"start":{"line":55,"column":22},"end":{"line":63,"column":9}},"line":55},"8":{"name":"(anonymous_8)","decl":{"start":{"line":64,"column":15},"end":{"line":64,"column":16}},"loc":{"start":{"line":64,"column":22},"end":{"line":69,"column":9}},"line":64},"9":{"name":"(anonymous_9)","decl":{"start":{"line":72,"column":21},"end":{"line":72,"column":22}},"loc":{"start":{"line":72,"column":35},"end":{"line":87,"column":1}},"line":72},"10":{"name":"(anonymous_10)","decl":{"start":{"line":78,"column":14},"end":{"line":78,"column":15}},"loc":{"start":{"line":78,"column":22},"end":{"line":80,"column":9}},"line":78},"11":{"name":"(anonymous_11)","decl":{"start":{"line":81,"column":15},"end":{"line":81,"column":16}},"loc":{"start":{"line":81,"column":22},"end":{"line":86,"column":9}},"line":81},"12":{"name":"(anonymous_12)","decl":{"start":{"line":90,"column":17},"end":{"line":90,"column":18}},"loc":{"start":{"line":90,"column":31},"end":{"line":109,"column":1}},"line":90},"13":{"name":"(anonymous_13)","decl":{"start":{"line":94,"column":12},"end":{"line":94,"column":13}},"loc":{"start":{"line":94,"column":19},"end":{"line":104,"column":5}},"line":94},"14":{"name":"(anonymous_14)","decl":{"start":{"line":104,"column":13},"end":{"line":104,"column":14}},"loc":{"start":{"line":104,"column":20},"end":{"line":108,"column":5}},"line":104},"15":{"name":"(anonymous_15)","decl":{"start":{"line":112,"column":17},"end":{"line":112,"column":18}},"loc":{"start":{"line":112,"column":31},"end":{"line":133,"column":1}},"line":112},"16":{"name":"(anonymous_16)","decl":{"start":{"line":116,"column":12},"end":{"line":116,"column":13}},"loc":{"start":{"line":116,"column":19},"end":{"line":126,"column":5}},"line":116},"17":{"name":"(anonymous_17)","decl":{"start":{"line":127,"column":11},"end":{"line":127,"column":12}},"loc":{"start":{"line":127,"column":18},"end":{"line":132,"column":5}},"line":127}},"branchMap":{"0":{"loc":{"start":{"line":8,"column":4},"end":{"line":14,"column":5}},"type":"if","locations":[{"start":{"line":8,"column":4},"end":{"line":14,"column":5}},{"start":{},"end":{}}],"line":8},"1":{"loc":{"start":{"line":8,"column":8},"end":{"line":11,"column":25}},"type":"binary-expr","locations":[{"start":{"line":8,"column":8},"end":{"line":8,"column":22}},{"start":{"line":9,"column":8},"end":{"line":9,"column":23}},{"start":{"line":10,"column":8},"end":{"line":10,"column":24}},{"start":{"line":11,"column":8},"end":{"line":11,"column":25}}],"line":8},"2":{"loc":{"start":{"line":32,"column":20},"end":{"line":32,"column":59}},"type":"binary-expr","locations":[{"start":{"line":32,"column":20},"end":{"line":32,"column":31}},{"start":{"line":32,"column":35},"end":{"line":32,"column":59}}],"line":32},"3":{"loc":{"start":{"line":46,"column":20},"end":{"line":46,"column":61}},"type":"binary-expr","locations":[{"start":{"line":46,"column":20},"end":{"line":46,"column":31}},{"start":{"line":46,"column":35},"end":{"line":46,"column":61}}],"line":46},"4":{"loc":{"start":{"line":56,"column":12},"end":{"line":62,"column":13}},"type":"if","locations":[{"start":{"line":56,"column":12},"end":{"line":62,"column":13}},{"start":{"line":60,"column":19},"end":{"line":62,"column":13}}],"line":56},"5":{"loc":{"start":{"line":67,"column":20},"end":{"line":67,"column":60}},"type":"binary-expr","locations":[{"start":{"line":67,"column":20},"end":{"line":67,"column":31}},{"start":{"line":67,"column":35},"end":{"line":67,"column":60}}],"line":67},"6":{"loc":{"start":{"line":75,"column":20},"end":{"line":75,"column":55}},"type":"cond-expr","locations":[{"start":{"line":75,"column":29},"end":{"line":75,"column":48}},{"start":{"line":75,"column":51},"end":{"line":75,"column":55}}],"line":75},"7":{"loc":{"start":{"line":84,"column":20},"end":{"line":84,"column":58}},"type":"binary-expr","locations":[{"start":{"line":84,"column":20},"end":{"line":84,"column":31}},{"start":{"line":84,"column":35},"end":{"line":84,"column":58}}],"line":84},"8":{"loc":{"start":{"line":95,"column":8},"end":{"line":103,"column":9}},"type":"if","locations":[{"start":{"line":95,"column":8},"end":{"line":103,"column":9}},{"start":{"line":99,"column":15},"end":{"line":103,"column":9}}],"line":95},"9":{"loc":{"start":{"line":117,"column":8},"end":{"line":125,"column":9}},"type":"if","locations":[{"start":{"line":117,"column":8},"end":{"line":125,"column":9}},{"start":{"line":121,"column":15},"end":{"line":125,"column":9}}],"line":117},"10":{"loc":{"start":{"line":130,"column":16},"end":{"line":130,"column":61}},"type":"binary-expr","locations":[{"start":{"line":130,"column":16},"end":{"line":130,"column":27}},{"start":{"line":130,"column":31},"end":{"line":130,"column":61}}],"line":130}},"s":{"0":1,"1":1,"2":1,"3":1,"4":1,"5":1,"6":1,"7":0,"8":0,"9":0,"10":0,"11":1,"12":1,"13":1,"14":0,"15":1,"16":0,"17":0,"18":0,"19":0,"20":0,"21":0,"22":1,"23":0,"24":0,"25":0,"26":0,"27":0,"28":1,"29":0,"30":0,"31":0,"32":0,"33":0,"34":0,"35":1,"36":1,"37":1,"38":1,"39":0,"40":1,"41":0},"f":{"0":1,"1":0,"2":0,"3":1,"4":1,"5":0,"6":0,"7":0,"8":0,"9":0,"10":0,"11":0,"12":0,"13":0,"14":0,"15":1,"16":1,"17":0},"b":{"0":[1,0],"1":[1,0,0,0],"2":[0,0],"3":[0,0],"4":[0,0],"5":[0,0],"6":[0,0],"7":[0,0],"8":[0,0],"9":[0,1],"10":[0,0]},"_coverageSchema":"1a1c01bbd47fc00a2c39e90264f33305004495a9","hash":"322f29139f3a424f8ec97d90cd0c56026fecb5fe"}
,"C:\\Users\\sombr\\Documents\\GitHub\\Impresioname\\Impresioname\\backend\\server\\controllers\\user.controller.js": {"path":"C:\\Users\\sombr\\Documents\\GitHub\\Impresioname\\Impresioname\\backend\\server\\controllers\\user.controller.js","statementMap":{"0":{"start":{"line":1,"column":11},"end":{"line":1,"column":31}},"1":{"start":{"line":2,"column":13},"end":{"line":2,"column":20}},"2":{"start":{"line":3,"column":11},"end":{"line":3,"column":26}},"3":{"start":{"line":4,"column":14},"end":{"line":4,"column":38}},"4":{"start":{"line":5,"column":15},"end":{"line":5,"column":34}},"5":{"start":{"line":6,"column":18},"end":{"line":6,"column":30}},"6":{"start":{"line":9,"column":0},"end":{"line":49,"column":2}},"7":{"start":{"line":10,"column":2},"end":{"line":48,"column":3}},"8":{"start":{"line":18,"column":25},"end":{"line":18,"column":87}},"9":{"start":{"line":19,"column":4},"end":{"line":23,"column":5}},"10":{"start":{"line":20,"column":6},"end":{"line":22,"column":9}},"11":{"start":{"line":25,"column":27},"end":{"line":25,"column":61}},"12":{"start":{"line":27,"column":15},"end":{"line":34,"column":5}},"13":{"start":{"line":36,"column":24},"end":{"line":36,"column":47}},"14":{"start":{"line":38,"column":18},"end":{"line":38,"column":50}},"15":{"start":{"line":40,"column":20},"end":{"line":40,"column":51}},"16":{"start":{"line":42,"column":4},"end":{"line":42,"column":53}},"17":{"start":{"line":44,"column":4},"end":{"line":47,"column":7}},"18":{"start":{"line":52,"column":0},"end":{"line":109,"column":2}},"19":{"start":{"line":54,"column":2},"end":{"line":59,"column":3}},"20":{"start":{"line":55,"column":4},"end":{"line":57,"column":7}},"21":{"start":{"line":58,"column":4},"end":{"line":58,"column":11}},"22":{"start":{"line":62,"column":13},"end":{"line":69,"column":3}},"23":{"start":{"line":71,"column":2},"end":{"line":107,"column":7}},"24":{"start":{"line":73,"column":6},"end":{"line":81,"column":7}},"25":{"start":{"line":74,"column":23},"end":{"line":74,"column":71}},"26":{"start":{"line":75,"column":8},"end":{"line":75,"column":72}},"27":{"start":{"line":75,"column":21},"end":{"line":75,"column":72}},"28":{"start":{"line":76,"column":22},"end":{"line":76,"column":47}},"29":{"start":{"line":78,"column":24},"end":{"line":78,"column":48}},"30":{"start":{"line":80,"column":8},"end":{"line":80,"column":64}},"31":{"start":{"line":83,"column":6},"end":{"line":83,"column":57}},"32":{"start":{"line":86,"column":6},"end":{"line":99,"column":11}},"33":{"start":{"line":88,"column":24},"end":{"line":88,"column":49}},"34":{"start":{"line":90,"column":26},"end":{"line":90,"column":50}},"35":{"start":{"line":92,"column":10},"end":{"line":92,"column":66}},"36":{"start":{"line":95,"column":10},"end":{"line":98,"column":13}},"37":{"start":{"line":103,"column":6},"end":{"line":106,"column":9}},"38":{"start":{"line":112,"column":0},"end":{"line":124,"column":2}},"39":{"start":{"line":114,"column":2},"end":{"line":123,"column":7}},"40":{"start":{"line":116,"column":6},"end":{"line":116,"column":21}},"41":{"start":{"line":119,"column":6},"end":{"line":122,"column":9}},"42":{"start":{"line":127,"column":0},"end":{"line":139,"column":2}},"43":{"start":{"line":128,"column":13},"end":{"line":128,"column":26}},"44":{"start":{"line":130,"column":2},"end":{"line":138,"column":7}},"45":{"start":{"line":132,"column":6},"end":{"line":132,"column":21}},"46":{"start":{"line":135,"column":6},"end":{"line":137,"column":9}},"47":{"start":{"line":142,"column":0},"end":{"line":164,"column":2}},"48":{"start":{"line":143,"column":13},"end":{"line":143,"column":26}},"49":{"start":{"line":145,"column":2},"end":{"line":163,"column":7}},"50":{"start":{"line":149,"column":6},"end":{"line":157,"column":7}},"51":{"start":{"line":150,"column":8},"end":{"line":152,"column":11}},"52":{"start":{"line":154,"column":8},"end":{"line":156,"column":11}},"53":{"start":{"line":160,"column":6},"end":{"line":162,"column":9}},"54":{"start":{"line":167,"column":0},"end":{"line":189,"column":2}},"55":{"start":{"line":168,"column":13},"end":{"line":168,"column":26}},"56":{"start":{"line":170,"column":2},"end":{"line":188,"column":7}},"57":{"start":{"line":174,"column":6},"end":{"line":182,"column":7}},"58":{"start":{"line":175,"column":8},"end":{"line":177,"column":11}},"59":{"start":{"line":179,"column":8},"end":{"line":181,"column":11}},"60":{"start":{"line":185,"column":6},"end":{"line":187,"column":9}},"61":{"start":{"line":192,"column":0},"end":{"line":206,"column":2}},"62":{"start":{"line":193,"column":15},"end":{"line":193,"column":32}},"63":{"start":{"line":194,"column":14},"end":{"line":194,"column":31}},"64":{"start":{"line":196,"column":2},"end":{"line":205,"column":7}},"65":{"start":{"line":198,"column":6},"end":{"line":198,"column":21}},"66":{"start":{"line":201,"column":6},"end":{"line":204,"column":9}},"67":{"start":{"line":208,"column":0},"end":{"line":220,"column":2}},"68":{"start":{"line":209,"column":17},"end":{"line":209,"column":30}},"69":{"start":{"line":211,"column":2},"end":{"line":219,"column":7}},"70":{"start":{"line":215,"column":6},"end":{"line":215,"column":27}},"71":{"start":{"line":218,"column":6},"end":{"line":218,"column":52}}},"fnMap":{"0":{"name":"(anonymous_0)","decl":{"start":{"line":9,"column":17},"end":{"line":9,"column":18}},"loc":{"start":{"line":9,"column":37},"end":{"line":49,"column":1}},"line":9},"1":{"name":"(anonymous_1)","decl":{"start":{"line":52,"column":22},"end":{"line":52,"column":23}},"loc":{"start":{"line":52,"column":36},"end":{"line":109,"column":1}},"line":52},"2":{"name":"(anonymous_2)","decl":{"start":{"line":72,"column":10},"end":{"line":72,"column":11}},"loc":{"start":{"line":72,"column":18},"end":{"line":101,"column":5}},"line":72},"3":{"name":"(anonymous_3)","decl":{"start":{"line":87,"column":14},"end":{"line":87,"column":15}},"loc":{"start":{"line":87,"column":22},"end":{"line":93,"column":9}},"line":87},"4":{"name":"(anonymous_4)","decl":{"start":{"line":94,"column":15},"end":{"line":94,"column":16}},"loc":{"start":{"line":94,"column":22},"end":{"line":99,"column":9}},"line":94},"5":{"name":"(anonymous_5)","decl":{"start":{"line":102,"column":11},"end":{"line":102,"column":12}},"loc":{"start":{"line":102,"column":18},"end":{"line":107,"column":5}},"line":102},"6":{"name":"(anonymous_6)","decl":{"start":{"line":112,"column":18},"end":{"line":112,"column":19}},"loc":{"start":{"line":112,"column":32},"end":{"line":124,"column":1}},"line":112},"7":{"name":"(anonymous_7)","decl":{"start":{"line":115,"column":10},"end":{"line":115,"column":11}},"loc":{"start":{"line":115,"column":18},"end":{"line":117,"column":5}},"line":115},"8":{"name":"(anonymous_8)","decl":{"start":{"line":118,"column":11},"end":{"line":118,"column":12}},"loc":{"start":{"line":118,"column":18},"end":{"line":123,"column":5}},"line":118},"9":{"name":"(anonymous_9)","decl":{"start":{"line":127,"column":18},"end":{"line":127,"column":19}},"loc":{"start":{"line":127,"column":32},"end":{"line":139,"column":1}},"line":127},"10":{"name":"(anonymous_10)","decl":{"start":{"line":131,"column":10},"end":{"line":131,"column":11}},"loc":{"start":{"line":131,"column":18},"end":{"line":133,"column":5}},"line":131},"11":{"name":"(anonymous_11)","decl":{"start":{"line":134,"column":11},"end":{"line":134,"column":12}},"loc":{"start":{"line":134,"column":18},"end":{"line":138,"column":5}},"line":134},"12":{"name":"(anonymous_12)","decl":{"start":{"line":142,"column":17},"end":{"line":142,"column":18}},"loc":{"start":{"line":142,"column":31},"end":{"line":164,"column":1}},"line":142},"13":{"name":"(anonymous_13)","decl":{"start":{"line":148,"column":10},"end":{"line":148,"column":11}},"loc":{"start":{"line":148,"column":17},"end":{"line":158,"column":5}},"line":148},"14":{"name":"(anonymous_14)","decl":{"start":{"line":159,"column":11},"end":{"line":159,"column":12}},"loc":{"start":{"line":159,"column":18},"end":{"line":163,"column":5}},"line":159},"15":{"name":"(anonymous_15)","decl":{"start":{"line":167,"column":17},"end":{"line":167,"column":18}},"loc":{"start":{"line":167,"column":31},"end":{"line":189,"column":1}},"line":167},"16":{"name":"(anonymous_16)","decl":{"start":{"line":173,"column":10},"end":{"line":173,"column":11}},"loc":{"start":{"line":173,"column":17},"end":{"line":183,"column":5}},"line":173},"17":{"name":"(anonymous_17)","decl":{"start":{"line":184,"column":11},"end":{"line":184,"column":12}},"loc":{"start":{"line":184,"column":18},"end":{"line":188,"column":5}},"line":184},"18":{"name":"(anonymous_18)","decl":{"start":{"line":192,"column":40},"end":{"line":192,"column":41}},"loc":{"start":{"line":192,"column":54},"end":{"line":206,"column":1}},"line":192},"19":{"name":"(anonymous_19)","decl":{"start":{"line":197,"column":10},"end":{"line":197,"column":11}},"loc":{"start":{"line":197,"column":18},"end":{"line":199,"column":5}},"line":197},"20":{"name":"(anonymous_20)","decl":{"start":{"line":200,"column":11},"end":{"line":200,"column":12}},"loc":{"start":{"line":200,"column":18},"end":{"line":205,"column":5}},"line":200},"21":{"name":"(anonymous_21)","decl":{"start":{"line":208,"column":28},"end":{"line":208,"column":29}},"loc":{"start":{"line":208,"column":42},"end":{"line":220,"column":1}},"line":208},"22":{"name":"(anonymous_22)","decl":{"start":{"line":214,"column":10},"end":{"line":214,"column":11}},"loc":{"start":{"line":214,"column":24},"end":{"line":216,"column":5}},"line":214},"23":{"name":"(anonymous_23)","decl":{"start":{"line":217,"column":11},"end":{"line":217,"column":12}},"loc":{"start":{"line":217,"column":20},"end":{"line":219,"column":5}},"line":217}},"branchMap":{"0":{"loc":{"start":{"line":19,"column":4},"end":{"line":23,"column":5}},"type":"if","locations":[{"start":{"line":19,"column":4},"end":{"line":23,"column":5}},{"start":{},"end":{}}],"line":19},"1":{"loc":{"start":{"line":46,"column":8},"end":{"line":46,"column":69}},"type":"binary-expr","locations":[{"start":{"line":46,"column":8},"end":{"line":46,"column":19}},{"start":{"line":46,"column":23},"end":{"line":46,"column":69}}],"line":46},"2":{"loc":{"start":{"line":54,"column":2},"end":{"line":59,"column":3}},"type":"if","locations":[{"start":{"line":54,"column":2},"end":{"line":59,"column":3}},{"start":{},"end":{}}],"line":54},"3":{"loc":{"start":{"line":54,"column":6},"end":{"line":54,"column":46}},"type":"binary-expr","locations":[{"start":{"line":54,"column":6},"end":{"line":54,"column":24}},{"start":{"line":54,"column":28},"end":{"line":54,"column":46}}],"line":54},"4":{"loc":{"start":{"line":73,"column":6},"end":{"line":81,"column":7}},"type":"if","locations":[{"start":{"line":73,"column":6},"end":{"line":81,"column":7}},{"start":{},"end":{}}],"line":73},"5":{"loc":{"start":{"line":75,"column":8},"end":{"line":75,"column":72}},"type":"if","locations":[{"start":{"line":75,"column":8},"end":{"line":75,"column":72}},{"start":{},"end":{}}],"line":75},"6":{"loc":{"start":{"line":97,"column":14},"end":{"line":97,"column":76}},"type":"binary-expr","locations":[{"start":{"line":97,"column":14},"end":{"line":97,"column":25}},{"start":{"line":97,"column":29},"end":{"line":97,"column":76}}],"line":97},"7":{"loc":{"start":{"line":105,"column":10},"end":{"line":105,"column":74}},"type":"binary-expr","locations":[{"start":{"line":105,"column":10},"end":{"line":105,"column":21}},{"start":{"line":105,"column":25},"end":{"line":105,"column":74}}],"line":105},"8":{"loc":{"start":{"line":121,"column":10},"end":{"line":121,"column":74}},"type":"binary-expr","locations":[{"start":{"line":121,"column":10},"end":{"line":121,"column":21}},{"start":{"line":121,"column":25},"end":{"line":121,"column":74}}],"line":121},"9":{"loc":{"start":{"line":149,"column":6},"end":{"line":157,"column":7}},"type":"if","locations":[{"start":{"line":149,"column":6},"end":{"line":157,"column":7}},{"start":{"line":153,"column":13},"end":{"line":157,"column":7}}],"line":149},"10":{"loc":{"start":{"line":174,"column":6},"end":{"line":182,"column":7}},"type":"if","locations":[{"start":{"line":174,"column":6},"end":{"line":182,"column":7}},{"start":{"line":178,"column":13},"end":{"line":182,"column":7}}],"line":174},"11":{"loc":{"start":{"line":203,"column":10},"end":{"line":203,"column":74}},"type":"binary-expr","locations":[{"start":{"line":203,"column":10},"end":{"line":203,"column":21}},{"start":{"line":203,"column":25},"end":{"line":203,"column":74}}],"line":203}},"s":{"0":1,"1":1,"2":1,"3":1,"4":1,"5":1,"6":1,"7":0,"8":0,"9":0,"10":0,"11":0,"12":0,"13":0,"14":0,"15":0,"16":0,"17":0,"18":1,"19":0,"20":0,"21":0,"22":0,"23":0,"24":0,"25":0,"26":0,"27":0,"28":0,"29":0,"30":0,"31":0,"32":0,"33":0,"34":0,"35":0,"36":0,"37":0,"38":1,"39":0,"40":0,"41":0,"42":1,"43":0,"44":0,"45":0,"46":0,"47":1,"48":0,"49":0,"50":0,"51":0,"52":0,"53":0,"54":1,"55":0,"56":0,"57":0,"58":0,"59":0,"60":0,"61":1,"62":0,"63":0,"64":0,"65":0,"66":0,"67":1,"68":0,"69":0,"70":0,"71":0},"f":{"0":0,"1":0,"2":0,"3":0,"4":0,"5":0,"6":0,"7":0,"8":0,"9":0,"10":0,"11":0,"12":0,"13":0,"14":0,"15":0,"16":0,"17":0,"18":0,"19":0,"20":0,"21":0,"22":0,"23":0},"b":{"0":[0,0],"1":[0,0],"2":[0,0],"3":[0,0],"4":[0,0],"5":[0,0],"6":[0,0],"7":[0,0],"8":[0,0],"9":[0,0],"10":[0,0],"11":[0,0]},"_coverageSchema":"1a1c01bbd47fc00a2c39e90264f33305004495a9","hash":"f0feb01b4e362292c24ee0ee29975422be45db7b"}
,"C:\\Users\\sombr\\Documents\\GitHub\\Impresioname\\Impresioname\\backend\\server\\models\\article.model.js": {"path":"C:\\Users\\sombr\\Documents\\GitHub\\Impresioname\\Impresioname\\backend\\server\\models\\article.model.js","statementMap":{"0":{"start":{"line":1,"column":0},"end":{"line":23,"column":2}},"1":{"start":{"line":2,"column":20},"end":{"line":21,"column":29}},"2":{"start":{"line":22,"column":4},"end":{"line":22,"column":19}}},"fnMap":{"0":{"name":"(anonymous_0)","decl":{"start":{"line":1,"column":17},"end":{"line":1,"column":18}},"loc":{"start":{"line":1,"column":43},"end":{"line":23,"column":1}},"line":1}},"branchMap":{},"s":{"0":1,"1":1,"2":1},"f":{"0":1},"b":{},"_coverageSchema":"1a1c01bbd47fc00a2c39e90264f33305004495a9","hash":"28ed0797e1757f672bafba12502d1d55c3349d16"}
,"C:\\Users\\sombr\\Documents\\GitHub\\Impresioname\\Impresioname\\backend\\server\\models\\carry.model.js": {"path":"C:\\Users\\sombr\\Documents\\GitHub\\Impresioname\\Impresioname\\backend\\server\\models\\carry.model.js","statementMap":{"0":{"start":{"line":1,"column":0},"end":{"line":13,"column":2}},"1":{"start":{"line":2,"column":18},"end":{"line":11,"column":29}},"2":{"start":{"line":12,"column":4},"end":{"line":12,"column":17}}},"fnMap":{"0":{"name":"(anonymous_0)","decl":{"start":{"line":1,"column":17},"end":{"line":1,"column":18}},"loc":{"start":{"line":1,"column":43},"end":{"line":13,"column":1}},"line":1}},"branchMap":{},"s":{"0":1,"1":1,"2":1},"f":{"0":1},"b":{},"_coverageSchema":"1a1c01bbd47fc00a2c39e90264f33305004495a9","hash":"c5d9964417ee5ba974e9101b5aac5e7e691c1db5"}
,"C:\\Users\\sombr\\Documents\\GitHub\\Impresioname\\Impresioname\\backend\\server\\models\\direction.model.js": {"path":"C:\\Users\\sombr\\Documents\\GitHub\\Impresioname\\Impresioname\\backend\\server\\models\\direction.model.js","statementMap":{"0":{"start":{"line":1,"column":0},"end":{"line":20,"column":2}},"1":{"start":{"line":2,"column":22},"end":{"line":18,"column":29}},"2":{"start":{"line":19,"column":4},"end":{"line":19,"column":21}}},"fnMap":{"0":{"name":"(anonymous_0)","decl":{"start":{"line":1,"column":17},"end":{"line":1,"column":18}},"loc":{"start":{"line":1,"column":43},"end":{"line":20,"column":1}},"line":1}},"branchMap":{},"s":{"0":1,"1":1,"2":1},"f":{"0":1},"b":{},"_coverageSchema":"1a1c01bbd47fc00a2c39e90264f33305004495a9","hash":"b4d975a6599625aeca7964111fa999c883926031"}
,"C:\\Users\\sombr\\Documents\\GitHub\\Impresioname\\Impresioname\\backend\\server\\models\\index.js": {"path":"C:\\Users\\sombr\\Documents\\GitHub\\Impresioname\\Impresioname\\backend\\server\\models\\index.js","statementMap":{"0":{"start":{"line":1,"column":15},"end":{"line":1,"column":42}},"1":{"start":{"line":2,"column":18},"end":{"line":2,"column":38}},"2":{"start":{"line":3,"column":18},"end":{"line":17,"column":1}},"3":{"start":{"line":19,"column":11},"end":{"line":19,"column":13}},"4":{"start":{"line":21,"column":0},"end":{"line":21,"column":25}},"5":{"start":{"line":22,"column":0},"end":{"line":22,"column":25}},"6":{"start":{"line":24,"column":0},"end":{"line":24,"column":66}},"7":{"start":{"line":25,"column":0},"end":{"line":25,"column":62}},"8":{"start":{"line":26,"column":0},"end":{"line":26,"column":64}},"9":{"start":{"line":27,"column":0},"end":{"line":27,"column":58}},"10":{"start":{"line":28,"column":0},"end":{"line":28,"column":56}},"11":{"start":{"line":32,"column":0},"end":{"line":32,"column":55}},"12":{"start":{"line":34,"column":0},"end":{"line":34,"column":57}},"13":{"start":{"line":37,"column":0},"end":{"line":40,"column":3}},"14":{"start":{"line":42,"column":0},"end":{"line":45,"column":3}},"15":{"start":{"line":47,"column":0},"end":{"line":50,"column":3}},"16":{"start":{"line":52,"column":0},"end":{"line":52,"column":20}}},"fnMap":{},"branchMap":{},"s":{"0":1,"1":1,"2":1,"3":1,"4":1,"5":1,"6":1,"7":1,"8":1,"9":1,"10":1,"11":1,"12":1,"13":1,"14":1,"15":1,"16":1},"f":{},"b":{},"_coverageSchema":"1a1c01bbd47fc00a2c39e90264f33305004495a9","hash":"32adc3fd96c523f01b2ca7d590247e40dde2618e"}
,"C:\\Users\\sombr\\Documents\\GitHub\\Impresioname\\Impresioname\\backend\\server\\models\\purchase.model.js": {"path":"C:\\Users\\sombr\\Documents\\GitHub\\Impresioname\\Impresioname\\backend\\server\\models\\purchase.model.js","statementMap":{"0":{"start":{"line":1,"column":0},"end":{"line":15,"column":2}},"1":{"start":{"line":2,"column":21},"end":{"line":13,"column":29}},"2":{"start":{"line":14,"column":4},"end":{"line":14,"column":20}}},"fnMap":{"0":{"name":"(anonymous_0)","decl":{"start":{"line":1,"column":17},"end":{"line":1,"column":18}},"loc":{"start":{"line":1,"column":43},"end":{"line":15,"column":1}},"line":1}},"branchMap":{},"s":{"0":1,"1":1,"2":1},"f":{"0":1},"b":{},"_coverageSchema":"1a1c01bbd47fc00a2c39e90264f33305004495a9","hash":"4239dececaa58bee4dfd5a04c55b11395c23521c"}
,"C:\\Users\\sombr\\Documents\\GitHub\\Impresioname\\Impresioname\\backend\\server\\models\\user.model.js": {"path":"C:\\Users\\sombr\\Documents\\GitHub\\Impresioname\\Impresioname\\backend\\server\\models\\user.model.js","statementMap":{"0":{"start":{"line":1,"column":0},"end":{"line":23,"column":2}},"1":{"start":{"line":2,"column":17},"end":{"line":21,"column":29}},"2":{"start":{"line":22,"column":4},"end":{"line":22,"column":16}}},"fnMap":{"0":{"name":"(anonymous_0)","decl":{"start":{"line":1,"column":17},"end":{"line":1,"column":18}},"loc":{"start":{"line":1,"column":43},"end":{"line":23,"column":1}},"line":1}},"branchMap":{},"s":{"0":1,"1":1,"2":1},"f":{"0":1},"b":{},"_coverageSchema":"1a1c01bbd47fc00a2c39e90264f33305004495a9","hash":"22ee480b2d5815097c14a92c37b1311a8e77359d"}
,"C:\\Users\\sombr\\Documents\\GitHub\\Impresioname\\Impresioname\\backend\\server\\multer\\upload.js": {"path":"C:\\Users\\sombr\\Documents\\GitHub\\Impresioname\\Impresioname\\backend\\server\\multer\\upload.js","statementMap":{"0":{"start":{"line":1,"column":14},"end":{"line":1,"column":31}},"1":{"start":{"line":2,"column":14},"end":{"line":19,"column":2}},"2":{"start":{"line":4,"column":6},"end":{"line":4,"column":41}},"3":{"start":{"line":7,"column":21},"end":{"line":7,"column":23}},"4":{"start":{"line":8,"column":6},"end":{"line":10,"column":7}},"5":{"start":{"line":9,"column":8},"end":{"line":9,"column":25}},"6":{"start":{"line":11,"column":6},"end":{"line":13,"column":7}},"7":{"start":{"line":12,"column":8},"end":{"line":12,"column":25}},"8":{"start":{"line":14,"column":6},"end":{"line":16,"column":7}},"9":{"start":{"line":15,"column":8},"end":{"line":15,"column":25}},"10":{"start":{"line":17,"column":6},"end":{"line":17,"column":55}},"11":{"start":{"line":21,"column":13},"end":{"line":21,"column":39}},"12":{"start":{"line":23,"column":0},"end":{"line":23,"column":24}}},"fnMap":{"0":{"name":"(anonymous_0)","decl":{"start":{"line":3,"column":17},"end":{"line":3,"column":18}},"loc":{"start":{"line":3,"column":36},"end":{"line":5,"column":5}},"line":3},"1":{"name":"(anonymous_1)","decl":{"start":{"line":6,"column":14},"end":{"line":6,"column":15}},"loc":{"start":{"line":6,"column":33},"end":{"line":18,"column":5}},"line":6}},"branchMap":{"0":{"loc":{"start":{"line":8,"column":6},"end":{"line":10,"column":7}},"type":"if","locations":[{"start":{"line":8,"column":6},"end":{"line":10,"column":7}},{"start":{},"end":{}}],"line":8},"1":{"loc":{"start":{"line":11,"column":6},"end":{"line":13,"column":7}},"type":"if","locations":[{"start":{"line":11,"column":6},"end":{"line":13,"column":7}},{"start":{},"end":{}}],"line":11},"2":{"loc":{"start":{"line":14,"column":6},"end":{"line":16,"column":7}},"type":"if","locations":[{"start":{"line":14,"column":6},"end":{"line":16,"column":7}},{"start":{},"end":{}}],"line":14}},"s":{"0":1,"1":1,"2":0,"3":0,"4":0,"5":0,"6":0,"7":0,"8":0,"9":0,"10":0,"11":1,"12":1},"f":{"0":0,"1":0},"b":{"0":[0,0],"1":[0,0],"2":[0,0]},"_coverageSchema":"1a1c01bbd47fc00a2c39e90264f33305004495a9","hash":"eb3a7bdabb7a1a081d70cfc952b4e60b4a2c519b"}
,"C:\\Users\\sombr\\Documents\\GitHub\\Impresioname\\Impresioname\\backend\\server\\routes\\all.routes.js": {"path":"C:\\Users\\sombr\\Documents\\GitHub\\Impresioname\\Impresioname\\backend\\server\\routes\\all.routes.js","statementMap":{"0":{"start":{"line":1,"column":27},"end":{"line":1,"column":72}},"1":{"start":{"line":2,"column":24},"end":{"line":2,"column":66}},"2":{"start":{"line":3,"column":28},"end":{"line":3,"column":74}},"3":{"start":{"line":5,"column":0},"end":{"line":43,"column":1}},"4":{"start":{"line":8,"column":2},"end":{"line":8,"column":55}},"5":{"start":{"line":10,"column":2},"end":{"line":10,"column":55}},"6":{"start":{"line":12,"column":2},"end":{"line":12,"column":72}},"7":{"start":{"line":14,"column":2},"end":{"line":14,"column":58}},"8":{"start":{"line":16,"column":2},"end":{"line":16,"column":61}},"9":{"start":{"line":19,"column":2},"end":{"line":19,"column":49}},"10":{"start":{"line":21,"column":2},"end":{"line":21,"column":49}},"11":{"start":{"line":23,"column":2},"end":{"line":23,"column":74}},"12":{"start":{"line":25,"column":2},"end":{"line":25,"column":71}},"13":{"start":{"line":27,"column":2},"end":{"line":27,"column":73}},"14":{"start":{"line":29,"column":2},"end":{"line":29,"column":76}},"15":{"start":{"line":32,"column":2},"end":{"line":32,"column":57}},"16":{"start":{"line":34,"column":2},"end":{"line":34,"column":57}},"17":{"start":{"line":36,"column":2},"end":{"line":36,"column":61}},"18":{"start":{"line":38,"column":2},"end":{"line":38,"column":74}},"19":{"start":{"line":40,"column":2},"end":{"line":40,"column":60}},"20":{"start":{"line":42,"column":2},"end":{"line":42,"column":63}}},"fnMap":{"0":{"name":"(anonymous_0)","decl":{"start":{"line":5,"column":17},"end":{"line":5,"column":18}},"loc":{"start":{"line":5,"column":32},"end":{"line":43,"column":1}},"line":5}},"branchMap":{},"s":{"0":1,"1":1,"2":1,"3":1,"4":1,"5":1,"6":1,"7":1,"8":1,"9":1,"10":1,"11":1,"12":1,"13":1,"14":1,"15":1,"16":1,"17":1,"18":1,"19":1,"20":1},"f":{"0":1},"b":{},"_coverageSchema":"1a1c01bbd47fc00a2c39e90264f33305004495a9","hash":"f5ab16c78ed33cbc61709abf92d7c6aeb71d8a83"}
,"C:\\Users\\sombr\\Documents\\GitHub\\Impresioname\\Impresioname\\backend\\server\\routes\\article.routes.js": {"path":"C:\\Users\\sombr\\Documents\\GitHub\\Impresioname\\Impresioname\\backend\\server\\routes\\article.routes.js","statementMap":{"0":{"start":{"line":1,"column":0},"end":{"line":21,"column":1}},"1":{"start":{"line":2,"column":18},"end":{"line":2,"column":62}},"2":{"start":{"line":3,"column":15},"end":{"line":3,"column":42}},"3":{"start":{"line":4,"column":15},"end":{"line":4,"column":42}},"4":{"start":{"line":6,"column":2},"end":{"line":6,"column":58}},"5":{"start":{"line":8,"column":2},"end":{"line":8,"column":38}},"6":{"start":{"line":10,"column":2},"end":{"line":10,"column":35}},"7":{"start":{"line":12,"column":2},"end":{"line":12,"column":59}},"8":{"start":{"line":14,"column":2},"end":{"line":14,"column":58}},"9":{"start":{"line":16,"column":2},"end":{"line":16,"column":60}},"10":{"start":{"line":18,"column":2},"end":{"line":18,"column":40}},"11":{"start":{"line":20,"column":2},"end":{"line":20,"column":34}}},"fnMap":{"0":{"name":"(anonymous_0)","decl":{"start":{"line":1,"column":17},"end":{"line":1,"column":18}},"loc":{"start":{"line":1,"column":24},"end":{"line":21,"column":1}},"line":1}},"branchMap":{},"s":{"0":1,"1":1,"2":1,"3":1,"4":1,"5":1,"6":1,"7":1,"8":1,"9":1,"10":1,"11":1},"f":{"0":1},"b":{},"_coverageSchema":"1a1c01bbd47fc00a2c39e90264f33305004495a9","hash":"2b3bdb1544e94b2a5aeaf8f3edc595cccca7c531"}
,"C:\\Users\\sombr\\Documents\\GitHub\\Impresioname\\Impresioname\\backend\\server\\routes\\user.routes.js": {"path":"C:\\Users\\sombr\\Documents\\GitHub\\Impresioname\\Impresioname\\backend\\server\\routes\\user.routes.js","statementMap":{"0":{"start":{"line":1,"column":0},"end":{"line":31,"column":2}},"1":{"start":{"line":2,"column":16},"end":{"line":2,"column":60}},"2":{"start":{"line":3,"column":15},"end":{"line":3,"column":48}},"3":{"start":{"line":5,"column":15},"end":{"line":5,"column":42}},"4":{"start":{"line":8,"column":2},"end":{"line":8,"column":39}},"5":{"start":{"line":11,"column":2},"end":{"line":11,"column":38}},"6":{"start":{"line":14,"column":2},"end":{"line":14,"column":43}},"7":{"start":{"line":17,"column":2},"end":{"line":17,"column":33}},"8":{"start":{"line":20,"column":2},"end":{"line":20,"column":58}},"9":{"start":{"line":22,"column":2},"end":{"line":22,"column":56}},"10":{"start":{"line":25,"column":2},"end":{"line":25,"column":35}},"11":{"start":{"line":28,"column":2},"end":{"line":28,"column":38}},"12":{"start":{"line":30,"column":2},"end":{"line":30,"column":32}}},"fnMap":{"0":{"name":"(anonymous_0)","decl":{"start":{"line":1,"column":17},"end":{"line":1,"column":18}},"loc":{"start":{"line":1,"column":24},"end":{"line":31,"column":1}},"line":1}},"branchMap":{},"s":{"0":1,"1":1,"2":1,"3":1,"4":1,"5":1,"6":1,"7":1,"8":1,"9":1,"10":1,"11":1,"12":1},"f":{"0":1},"b":{},"_coverageSchema":"1a1c01bbd47fc00a2c39e90264f33305004495a9","hash":"73e9e3c1e6c2894a29922ae9e4a756acdc7ca6a5"}
}
