TN:
SF:app.js
FN:26,(anonymous_0)
FN:30,(anonymous_1)
FN:34,(anonymous_2)
FN:50,(anonymous_3)
FN:72,(anonymous_4)
FN:90,(anonymous_5)
FN:91,(anonymous_6)
FN:96,(anonymous_7)
FNF:8
FNH:4
FNDA:1,(anonymous_0)
FNDA:0,(anonymous_1)
FNDA:14,(anonymous_2)
FNDA:0,(anonymous_3)
FNDA:1,(anonymous_4)
FNDA:0,(anonymous_5)
FNDA:0,(anonymous_6)
FNDA:1,(anonymous_7)
DA:1,1
DA:2,1
DA:3,1
DA:4,1
DA:5,1
DA:6,1
DA:7,1
DA:9,1
DA:10,1
DA:12,1
DA:13,1
DA:15,1
DA:19,1
DA:21,1
DA:22,1
DA:24,1
DA:26,1
DA:27,1
DA:30,1
DA:31,0
DA:34,1
DA:35,14
DA:36,14
DA:38,0
DA:39,0
DA:40,0
DA:41,0
DA:43,0
DA:44,0
DA:46,0
DA:49,0
DA:50,0
DA:51,0
DA:52,0
DA:57,0
DA:58,0
DA:59,0
DA:64,1
DA:65,1
DA:66,1
DA:68,1
DA:69,1
DA:71,1
DA:72,1
DA:73,1
DA:74,1
DA:79,0
DA:80,0
DA:84,1
DA:86,1
DA:87,1
DA:88,1
DA:90,1
DA:91,0
DA:92,0
DA:96,1
DA:97,1
DA:100,0
DA:104,1
LF:59
LH:39
BRDA:36,0,0,14
BRDA:36,0,1,0
BRDA:38,1,0,0
BRDA:38,1,1,0
BRDA:51,2,0,0
BRDA:51,2,1,0
BRDA:69,3,0,1
BRDA:69,3,1,1
BRDA:71,4,0,1
BRDA:71,4,1,0
BRDA:86,5,0,1
BRDA:86,5,1,0
BRF:12
BRH:5
end_of_record
TN:
SF:server\auth\utils.js
FN:5,generateToken
FN:24,getCleanUser
FNF:2
FNH:0
FNDA:0,generateToken
FNDA:0,getCleanUser
DA:2,1
DA:8,0
DA:10,0
DA:18,0
DA:25,0
DA:27,0
DA:35,1
LF:7
LH:2
BRDA:8,0,0,0
BRDA:8,0,1,0
BRDA:25,1,0,0
BRDA:25,1,1,0
BRF:4
BRH:0
end_of_record
TN:
SF:server\config\config.js
FNF:0
FNH:0
DA:1,1
LF:1
LH:1
BRF:0
BRH:0
end_of_record
TN:
SF:server\controllers\article.controller.js
FN:8,(anonymous_0)
FN:31,(anonymous_1)
FN:34,(anonymous_2)
FN:43,(anonymous_3)
FN:49,(anonymous_4)
FN:56,(anonymous_5)
FN:62,(anonymous_6)
FN:64,(anonymous_7)
FN:67,(anonymous_8)
FN:73,(anonymous_9)
FN:76,(anonymous_10)
FN:85,(anonymous_11)
FN:92,(anonymous_12)
FN:95,(anonymous_13)
FN:98,(anonymous_14)
FN:103,(anonymous_15)
FN:110,(anonymous_16)
FN:120,(anonymous_17)
FN:126,(anonymous_18)
FN:129,(anonymous_19)
FN:132,(anonymous_20)
FN:137,(anonymous_21)
FN:143,(anonymous_22)
FN:153,(anonymous_23)
FNF:24
FNH:1
FNDA:1,(anonymous_0)
FNDA:0,(anonymous_1)
FNDA:0,(anonymous_2)
FNDA:0,(anonymous_3)
FNDA:0,(anonymous_4)
FNDA:0,(anonymous_5)
FNDA:0,(anonymous_6)
FNDA:0,(anonymous_7)
FNDA:0,(anonymous_8)
FNDA:0,(anonymous_9)
FNDA:0,(anonymous_10)
FNDA:0,(anonymous_11)
FNDA:0,(anonymous_12)
FNDA:0,(anonymous_13)
FNDA:0,(anonymous_14)
FNDA:0,(anonymous_15)
FNDA:0,(anonymous_16)
FNDA:0,(anonymous_17)
FNDA:0,(anonymous_18)
FNDA:0,(anonymous_19)
FNDA:0,(anonymous_20)
FNDA:0,(anonymous_21)
FNDA:0,(anonymous_22)
FNDA:0,(anonymous_23)
DA:1,1
DA:2,1
DA:3,1
DA:4,1
DA:5,1
DA:8,1
DA:10,1
DA:15,1
DA:16,1
DA:20,0
DA:30,0
DA:32,0
DA:35,0
DA:43,1
DA:44,0
DA:46,0
DA:48,0
DA:50,0
DA:51,0
DA:53,0
DA:57,0
DA:62,1
DA:63,0
DA:65,0
DA:68,0
DA:73,1
DA:74,0
DA:75,0
DA:77,0
DA:78,0
DA:82,0
DA:86,0
DA:87,0
DA:92,1
DA:93,0
DA:94,0
DA:96,0
DA:97,0
DA:98,0
DA:99,0
DA:100,0
DA:104,0
DA:108,0
DA:111,0
DA:112,0
DA:116,0
DA:121,0
DA:126,1
DA:127,0
DA:128,0
DA:130,0
DA:131,0
DA:132,0
DA:133,0
DA:134,0
DA:138,0
DA:141,0
DA:144,0
DA:145,0
DA:149,0
DA:154,0
LF:61
LH:14
BRDA:10,0,0,1
BRDA:10,0,1,0
BRDA:10,1,0,1
BRDA:10,1,1,1
BRDA:10,1,2,1
BRDA:10,1,3,0
BRDA:10,1,4,0
BRDA:26,2,0,0
BRDA:26,2,1,0
BRDA:37,3,0,0
BRDA:37,3,1,0
BRDA:46,4,0,0
BRDA:46,4,1,0
BRDA:50,5,0,0
BRDA:50,5,1,0
BRDA:77,6,0,0
BRDA:77,6,1,0
BRDA:96,7,0,0
BRDA:96,7,1,0
BRDA:99,8,0,0
BRDA:99,8,1,0
BRDA:111,9,0,0
BRDA:111,9,1,0
BRDA:130,10,0,0
BRDA:130,10,1,0
BRDA:133,11,0,0
BRDA:133,11,1,0
BRDA:144,12,0,0
BRDA:144,12,1,0
BRF:29
BRH:4
end_of_record
TN:
SF:server\controllers\auth.js
FN:8,(anonymous_0)
FN:22,(anonymous_1)
FN:33,(anonymous_2)
FN:41,(anonymous_3)
FN:53,(anonymous_4)
FN:60,(anonymous_5)
FN:71,(anonymous_6)
FNF:7
FNH:0
FNDA:0,(anonymous_0)
FNDA:0,(anonymous_1)
FNDA:0,(anonymous_2)
FNDA:0,(anonymous_3)
FNDA:0,(anonymous_4)
FNDA:0,(anonymous_5)
FNDA:0,(anonymous_6)
DA:1,1
DA:2,1
DA:3,1
DA:5,1
DA:6,1
DA:8,1
DA:9,0
DA:10,0
DA:13,0
DA:14,0
DA:21,0
DA:23,0
DA:24,0
DA:27,0
DA:29,0
DA:31,0
DA:34,0
DA:41,1
DA:44,0
DA:45,0
DA:46,0
DA:53,0
DA:54,0
DA:59,0
DA:62,0
DA:63,0
DA:69,0
DA:72,0
LF:28
LH:7
BRDA:13,0,0,0
BRDA:13,0,1,0
BRDA:13,1,0,0
BRDA:13,1,1,0
BRDA:24,2,0,0
BRDA:24,2,1,0
BRDA:36,3,0,0
BRDA:36,3,1,0
BRDA:45,4,0,0
BRDA:45,4,1,0
BRDA:54,5,0,0
BRDA:54,5,1,0
BRDA:62,6,0,0
BRDA:62,6,1,0
BRF:14
BRH:0
end_of_record
TN:
SF:server\controllers\carry.controller.js
FN:6,(anonymous_0)
FN:22,(anonymous_1)
FN:25,(anonymous_2)
FN:34,(anonymous_3)
FN:36,(anonymous_4)
FN:39,(anonymous_5)
FN:48,(anonymous_6)
FN:51,(anonymous_7)
FN:60,(anonymous_8)
FN:69,(anonymous_9)
FN:78,(anonymous_10)
FN:89,(anonymous_11)
FN:98,(anonymous_12)
FN:107,(anonymous_13)
FN:118,(anonymous_14)
FN:126,(anonymous_15)
FN:130,(anonymous_16)
FN:139,(anonymous_17)
FNF:18
FNH:7
FNDA:1,(anonymous_0)
FNDA:0,(anonymous_1)
FNDA:0,(anonymous_2)
FNDA:0,(anonymous_3)
FNDA:0,(anonymous_4)
FNDA:0,(anonymous_5)
FNDA:1,(anonymous_6)
FNDA:1,(anonymous_7)
FNDA:0,(anonymous_8)
FNDA:1,(anonymous_9)
FNDA:1,(anonymous_10)
FNDA:0,(anonymous_11)
FNDA:1,(anonymous_12)
FNDA:1,(anonymous_13)
FNDA:0,(anonymous_14)
FNDA:0,(anonymous_15)
FNDA:0,(anonymous_16)
FNDA:0,(anonymous_17)
DA:1,1
DA:2,1
DA:3,1
DA:6,1
DA:8,1
DA:10,1
DA:11,1
DA:15,0
DA:21,0
DA:23,0
DA:26,0
DA:34,1
DA:35,0
DA:37,0
DA:40,0
DA:48,1
DA:49,1
DA:50,1
DA:52,1
DA:53,1
DA:57,0
DA:61,0
DA:69,1
DA:70,1
DA:71,1
DA:73,1
DA:79,1
DA:80,0
DA:84,1
DA:90,0
DA:98,1
DA:99,1
DA:100,1
DA:102,1
DA:108,1
DA:109,0
DA:113,1
DA:119,0
DA:126,1
DA:127,0
DA:129,0
DA:131,0
DA:132,0
DA:136,0
DA:140,0
LF:45
LH:26
BRDA:8,0,0,1
BRDA:8,0,1,0
BRDA:8,1,0,1
BRDA:8,1,1,0
BRDA:28,2,0,0
BRDA:28,2,1,0
BRDA:42,3,0,0
BRDA:42,3,1,0
BRDA:52,4,0,1
BRDA:52,4,1,0
BRDA:63,5,0,0
BRDA:63,5,1,0
BRDA:79,6,0,0
BRDA:79,6,1,1
BRDA:92,7,0,0
BRDA:92,7,1,0
BRDA:108,8,0,0
BRDA:108,8,1,1
BRDA:121,9,0,0
BRDA:121,9,1,0
BRDA:131,10,0,0
BRDA:131,10,1,0
BRDA:142,11,0,0
BRDA:142,11,1,0
BRF:24
BRH:5
end_of_record
TN:
SF:server\controllers\direction.controller.js
FN:6,(anonymous_0)
FN:28,(anonymous_1)
FN:31,(anonymous_2)
FN:40,(anonymous_3)
FN:42,(anonymous_4)
FN:45,(anonymous_5)
FN:54,(anonymous_6)
FN:57,(anonymous_7)
FN:66,(anonymous_8)
FN:74,(anonymous_9)
FN:80,(anonymous_10)
FN:83,(anonymous_11)
FN:93,(anonymous_12)
FN:97,(anonymous_13)
FN:108,(anonymous_14)
FN:117,(anonymous_15)
FN:121,(anonymous_16)
FN:132,(anonymous_17)
FNF:18
FNH:7
FNDA:1,(anonymous_0)
FNDA:0,(anonymous_1)
FNDA:0,(anonymous_2)
FNDA:0,(anonymous_3)
FNDA:0,(anonymous_4)
FNDA:0,(anonymous_5)
FNDA:2,(anonymous_6)
FNDA:2,(anonymous_7)
FNDA:0,(anonymous_8)
FNDA:0,(anonymous_9)
FNDA:0,(anonymous_10)
FNDA:0,(anonymous_11)
FNDA:1,(anonymous_12)
FNDA:1,(anonymous_13)
FNDA:0,(anonymous_14)
FNDA:1,(anonymous_15)
FNDA:1,(anonymous_16)
FNDA:0,(anonymous_17)
DA:1,1
DA:2,1
DA:3,1
DA:6,1
DA:8,1
DA:13,1
DA:14,1
DA:18,0
DA:27,0
DA:29,0
DA:32,0
DA:40,1
DA:41,0
DA:43,0
DA:46,0
DA:54,1
DA:55,2
DA:56,2
DA:58,2
DA:59,2
DA:63,0
DA:67,0
DA:74,1
DA:75,0
DA:77,0
DA:79,0
DA:81,0
DA:84,0
DA:93,1
DA:94,1
DA:95,1
DA:98,1
DA:99,0
DA:103,1
DA:109,0
DA:117,1
DA:118,1
DA:119,1
DA:122,1
DA:123,0
DA:127,1
DA:133,0
LF:42
LH:24
BRDA:8,0,0,1
BRDA:8,0,1,0
BRDA:8,1,0,1
BRDA:8,1,1,1
BRDA:8,1,2,1
BRDA:8,1,3,1
BRDA:8,1,4,1
BRDA:34,2,0,0
BRDA:34,2,1,0
BRDA:48,3,0,0
BRDA:48,3,1,0
BRDA:58,4,0,2
BRDA:58,4,1,0
BRDA:69,5,0,0
BRDA:69,5,1,0
BRDA:77,6,0,0
BRDA:77,6,1,0
BRDA:86,7,0,0
BRDA:86,7,1,0
BRDA:98,8,0,0
BRDA:98,8,1,1
BRDA:111,9,0,0
BRDA:111,9,1,0
BRDA:122,10,0,0
BRDA:122,10,1,1
BRDA:135,11,0,0
BRDA:135,11,1,0
BRF:27
BRH:9
end_of_record
TN:
SF:server\controllers\purchase.controller.js
FN:6,(anonymous_0)
FN:26,(anonymous_1)
FN:29,(anonymous_2)
FN:38,(anonymous_3)
FN:40,(anonymous_4)
FN:43,(anonymous_5)
FN:52,(anonymous_6)
FN:55,(anonymous_7)
FN:64,(anonymous_8)
FN:72,(anonymous_9)
FN:78,(anonymous_10)
FN:81,(anonymous_11)
FN:90,(anonymous_12)
FN:94,(anonymous_13)
FN:104,(anonymous_14)
FN:112,(anonymous_15)
FN:116,(anonymous_16)
FN:127,(anonymous_17)
FNF:18
FNH:5
FNDA:1,(anonymous_0)
FNDA:0,(anonymous_1)
FNDA:0,(anonymous_2)
FNDA:1,(anonymous_3)
FNDA:1,(anonymous_4)
FNDA:0,(anonymous_5)
FNDA:0,(anonymous_6)
FNDA:0,(anonymous_7)
FNDA:0,(anonymous_8)
FNDA:0,(anonymous_9)
FNDA:0,(anonymous_10)
FNDA:0,(anonymous_11)
FNDA:0,(anonymous_12)
FNDA:0,(anonymous_13)
FNDA:0,(anonymous_14)
FNDA:1,(anonymous_15)
FNDA:1,(anonymous_16)
FNDA:0,(anonymous_17)
DA:1,1
DA:2,1
DA:3,1
DA:6,1
DA:8,1
DA:12,1
DA:13,1
DA:17,0
DA:25,0
DA:27,0
DA:30,0
DA:38,1
DA:39,1
DA:41,1
DA:44,0
DA:52,1
DA:53,0
DA:54,0
DA:56,0
DA:57,0
DA:61,0
DA:65,0
DA:72,1
DA:73,0
DA:75,0
DA:77,0
DA:79,0
DA:82,0
DA:90,1
DA:91,0
DA:92,0
DA:95,0
DA:96,0
DA:100,0
DA:105,0
DA:112,1
DA:113,1
DA:114,1
DA:117,1
DA:118,0
DA:122,1
DA:128,0
LF:42
LH:18
BRDA:8,0,0,1
BRDA:8,0,1,0
BRDA:8,1,0,1
BRDA:8,1,1,0
BRDA:8,1,2,0
BRDA:8,1,3,0
BRDA:32,2,0,0
BRDA:32,2,1,0
BRDA:46,3,0,0
BRDA:46,3,1,0
BRDA:56,4,0,0
BRDA:56,4,1,0
BRDA:67,5,0,0
BRDA:67,5,1,0
BRDA:75,6,0,0
BRDA:75,6,1,0
BRDA:84,7,0,0
BRDA:84,7,1,0
BRDA:95,8,0,0
BRDA:95,8,1,0
BRDA:117,9,0,0
BRDA:117,9,1,1
BRDA:130,10,0,0
BRDA:130,10,1,0
BRF:24
BRH:3
end_of_record
TN:
SF:server\controllers\user.controller.js
FN:9,(anonymous_0)
FN:52,(anonymous_1)
FN:72,(anonymous_2)
FN:87,(anonymous_3)
FN:94,(anonymous_4)
FN:102,(anonymous_5)
FN:112,(anonymous_6)
FN:115,(anonymous_7)
FN:118,(anonymous_8)
FN:127,(anonymous_9)
FN:131,(anonymous_10)
FN:134,(anonymous_11)
FN:142,(anonymous_12)
FN:148,(anonymous_13)
FN:159,(anonymous_14)
FN:167,(anonymous_15)
FN:173,(anonymous_16)
FN:184,(anonymous_17)
FN:192,(anonymous_18)
FN:197,(anonymous_19)
FN:200,(anonymous_20)
FN:208,(anonymous_21)
FN:214,(anonymous_22)
FN:217,(anonymous_23)
FNF:24
FNH:0
FNDA:0,(anonymous_0)
FNDA:0,(anonymous_1)
FNDA:0,(anonymous_2)
FNDA:0,(anonymous_3)
FNDA:0,(anonymous_4)
FNDA:0,(anonymous_5)
FNDA:0,(anonymous_6)
FNDA:0,(anonymous_7)
FNDA:0,(anonymous_8)
FNDA:0,(anonymous_9)
FNDA:0,(anonymous_10)
FNDA:0,(anonymous_11)
FNDA:0,(anonymous_12)
FNDA:0,(anonymous_13)
FNDA:0,(anonymous_14)
FNDA:0,(anonymous_15)
FNDA:0,(anonymous_16)
FNDA:0,(anonymous_17)
FNDA:0,(anonymous_18)
FNDA:0,(anonymous_19)
FNDA:0,(anonymous_20)
FNDA:0,(anonymous_21)
FNDA:0,(anonymous_22)
FNDA:0,(anonymous_23)
DA:1,1
DA:2,1
DA:3,1
DA:4,1
DA:5,1
DA:6,1
DA:9,1
DA:10,0
DA:18,0
DA:19,0
DA:20,0
DA:25,0
DA:27,0
DA:36,0
DA:38,0
DA:40,0
DA:42,0
DA:44,0
DA:52,1
DA:54,0
DA:55,0
DA:58,0
DA:62,0
DA:71,0
DA:73,0
DA:74,0
DA:75,0
DA:76,0
DA:78,0
DA:80,0
DA:83,0
DA:86,0
DA:88,0
DA:90,0
DA:92,0
DA:95,0
DA:103,0
DA:112,1
DA:114,0
DA:116,0
DA:119,0
DA:127,1
DA:128,0
DA:130,0
DA:132,0
DA:135,0
DA:142,1
DA:143,0
DA:145,0
DA:149,0
DA:150,0
DA:154,0
DA:160,0
DA:167,1
DA:168,0
DA:170,0
DA:174,0
DA:175,0
DA:179,0
DA:185,0
DA:192,1
DA:193,0
DA:194,0
DA:196,0
DA:198,0
DA:201,0
DA:208,1
DA:209,0
DA:211,0
DA:215,0
DA:218,0
LF:71
LH:14
BRDA:19,0,0,0
BRDA:19,0,1,0
BRDA:46,1,0,0
BRDA:46,1,1,0
BRDA:54,2,0,0
BRDA:54,2,1,0
BRDA:54,3,0,0
BRDA:54,3,1,0
BRDA:73,4,0,0
BRDA:73,4,1,0
BRDA:75,5,0,0
BRDA:75,5,1,0
BRDA:97,6,0,0
BRDA:97,6,1,0
BRDA:105,7,0,0
BRDA:105,7,1,0
BRDA:121,8,0,0
BRDA:121,8,1,0
BRDA:149,9,0,0
BRDA:149,9,1,0
BRDA:174,10,0,0
BRDA:174,10,1,0
BRDA:203,11,0,0
BRDA:203,11,1,0
BRF:24
BRH:0
end_of_record
TN:
SF:server\models\article.model.js
FN:1,(anonymous_0)
FNF:1
FNH:1
FNDA:1,(anonymous_0)
DA:1,1
DA:2,1
DA:22,1
LF:3
LH:3
BRF:0
BRH:0
end_of_record
TN:
SF:server\models\carry.model.js
FN:1,(anonymous_0)
FNF:1
FNH:1
FNDA:1,(anonymous_0)
DA:1,1
DA:2,1
DA:12,1
LF:3
LH:3
BRF:0
BRH:0
end_of_record
TN:
SF:server\models\direction.model.js
FN:1,(anonymous_0)
FNF:1
FNH:1
FNDA:1,(anonymous_0)
DA:1,1
DA:2,1
DA:19,1
LF:3
LH:3
BRF:0
BRH:0
end_of_record
TN:
SF:server\models\index.js
FNF:0
FNH:0
DA:1,1
DA:2,1
DA:3,1
DA:19,1
DA:21,1
DA:22,1
DA:24,1
DA:25,1
DA:26,1
DA:27,1
DA:28,1
DA:32,1
DA:34,1
DA:37,1
DA:42,1
DA:47,1
DA:52,1
LF:17
LH:17
BRF:0
BRH:0
end_of_record
TN:
SF:server\models\purchase.model.js
FN:1,(anonymous_0)
FNF:1
FNH:1
FNDA:1,(anonymous_0)
DA:1,1
DA:2,1
DA:14,1
LF:3
LH:3
BRF:0
BRH:0
end_of_record
TN:
SF:server\models\user.model.js
FN:1,(anonymous_0)
FNF:1
FNH:1
FNDA:1,(anonymous_0)
DA:1,1
DA:2,1
DA:22,1
LF:3
LH:3
BRF:0
BRH:0
end_of_record
TN:
SF:server\multer\upload.js
FN:3,(anonymous_0)
FN:6,(anonymous_1)
FNF:2
FNH:0
FNDA:0,(anonymous_0)
FNDA:0,(anonymous_1)
DA:1,1
DA:2,1
DA:4,0
DA:7,0
DA:8,0
DA:9,0
DA:11,0
DA:12,0
DA:14,0
DA:15,0
DA:17,0
DA:21,1
DA:23,1
LF:13
LH:4
BRDA:8,0,0,0
BRDA:8,0,1,0
BRDA:11,1,0,0
BRDA:11,1,1,0
BRDA:14,2,0,0
BRDA:14,2,1,0
BRF:6
BRH:0
end_of_record
TN:
SF:server\routes\all.routes.js
FN:5,(anonymous_0)
FNF:1
FNH:1
FNDA:1,(anonymous_0)
DA:1,1
DA:2,1
DA:3,1
DA:5,1
DA:8,1
DA:10,1
DA:12,1
DA:14,1
DA:16,1
DA:19,1
DA:21,1
DA:23,1
DA:25,1
DA:27,1
DA:29,1
DA:32,1
DA:34,1
DA:36,1
DA:38,1
DA:40,1
DA:42,1
LF:21
LH:21
BRF:0
BRH:0
end_of_record
TN:
SF:server\routes\article.routes.js
FN:1,(anonymous_0)
FNF:1
FNH:1
FNDA:1,(anonymous_0)
DA:1,1
DA:2,1
DA:3,1
DA:4,1
DA:6,1
DA:8,1
DA:10,1
DA:12,1
DA:14,1
DA:16,1
DA:18,1
DA:20,1
LF:12
LH:12
BRF:0
BRH:0
end_of_record
TN:
SF:server\routes\user.routes.js
FN:1,(anonymous_0)
FNF:1
FNH:1
FNDA:1,(anonymous_0)
DA:1,1
DA:2,1
DA:3,1
DA:5,1
DA:8,1
DA:11,1
DA:14,1
DA:17,1
DA:20,1
DA:22,1
DA:25,1
DA:28,1
DA:30,1
LF:13
LH:13
BRF:0
BRH:0
end_of_record
